{"/home/kadso05/projets/laplasse/apps/api/src/admin/admin.controller.ts": {"path":"/home/kadso05/projets/laplasse/apps/api/src/admin/admin.controller.ts","statementMap":{"0":{"start":{"line":1,"column":0},"end":{"line":1,"column":86}},"1":{"start":{"line":2,"column":0},"end":{"line":2,"column":60}},"2":{"start":{"line":3,"column":0},"end":{"line":3,"column":55}},"3":{"start":{"line":4,"column":0},"end":{"line":4,"column":58}},"4":{"start":{"line":5,"column":0},"end":{"line":5,"column":56}},"5":{"start":{"line":6,"column":0},"end":{"line":6,"column":68}},"6":{"start":{"line":11,"column":7},"end":{"line":153,"column":null}},"7":{"start":{"line":13,"column":21},"end":{"line":13,"column":29}},"8":{"start":{"line":14,"column":21},"end":{"line":14,"column":40}},"9":{"start":{"line":22,"column":6},"end":{"line":30,"column":8}},"10":{"start":{"line":32,"column":4},"end":{"line":37,"column":null}},"11":{"start":{"line":48,"column":18},"end":{"line":48,"column":89}},"12":{"start":{"line":49,"column":4},"end":{"line":61,"column":null}},"13":{"start":{"line":69,"column":21},"end":{"line":77,"column":6}},"14":{"start":{"line":78,"column":4},"end":{"line":78,"column":null}},"15":{"start":{"line":85,"column":18},"end":{"line":85,"column":76}},"16":{"start":{"line":86,"column":4},"end":{"line":94,"column":null}},"17":{"start":{"line":102,"column":4},"end":{"line":106,"column":null}},"18":{"start":{"line":114,"column":4},"end":{"line":117,"column":5}},"19":{"start":{"line":115,"column":6},"end":{"line":115,"column":null}},"20":{"start":{"line":116,"column":6},"end":{"line":116,"column":null}},"21":{"start":{"line":118,"column":4},"end":{"line":122,"column":null}},"22":{"start":{"line":129,"column":4},"end":{"line":129,"column":null}},"23":{"start":{"line":137,"column":4},"end":{"line":137,"column":null}},"24":{"start":{"line":144,"column":4},"end":{"line":151,"column":null}},"25":{"start":{"line":11,"column":13},"end":{"line":11,"column":28}},"26":{"start":{"line":20,"column":8},"end":{"line":38,"column":null}},"27":{"start":{"line":43,"column":2},"end":{"line":62,"column":null}},"28":{"start":{"line":65,"column":8},"end":{"line":79,"column":null}},"29":{"start":{"line":84,"column":2},"end":{"line":95,"column":null}},"30":{"start":{"line":98,"column":2},"end":{"line":107,"column":null}},"31":{"start":{"line":110,"column":8},"end":{"line":123,"column":null}},"32":{"start":{"line":128,"column":2},"end":{"line":130,"column":null}},"33":{"start":{"line":133,"column":2},"end":{"line":138,"column":null}},"34":{"start":{"line":143,"column":2},"end":{"line":152,"column":null}},"35":{"start":{"line":11,"column":13},"end":{"line":153,"column":null}}},"fnMap":{"0":{"name":"(anonymous_4)","decl":{"start":{"line":12,"column":2},"end":{"line":12,"column":null}},"loc":{"start":{"line":14,"column":57},"end":{"line":15,"column":6}}},"1":{"name":"(anonymous_5)","decl":{"start":{"line":20,"column":8},"end":{"line":20,"column":16}},"loc":{"start":{"line":20,"column":16},"end":{"line":38,"column":3}}},"2":{"name":"(anonymous_6)","decl":{"start":{"line":43,"column":2},"end":{"line":43,"column":14}},"loc":{"start":{"line":46,"column":36},"end":{"line":62,"column":3}}},"3":{"name":"(anonymous_7)","decl":{"start":{"line":65,"column":8},"end":{"line":65,"column":22}},"loc":{"start":{"line":67,"column":58},"end":{"line":79,"column":3}}},"4":{"name":"(anonymous_8)","decl":{"start":{"line":84,"column":2},"end":{"line":84,"column":12}},"loc":{"start":{"line":84,"column":45},"end":{"line":95,"column":3}}},"5":{"name":"(anonymous_9)","decl":{"start":{"line":98,"column":2},"end":{"line":98,"column":16}},"loc":{"start":{"line":100,"column":53},"end":{"line":107,"column":3}}},"6":{"name":"(anonymous_10)","decl":{"start":{"line":110,"column":8},"end":{"line":110,"column":28}},"loc":{"start":{"line":112,"column":61},"end":{"line":123,"column":3}}},"7":{"name":"(anonymous_11)","decl":{"start":{"line":128,"column":2},"end":{"line":128,"column":15}},"loc":{"start":{"line":128,"column":48},"end":{"line":130,"column":3}}},"8":{"name":"(anonymous_12)","decl":{"start":{"line":133,"column":2},"end":{"line":133,"column":19}},"loc":{"start":{"line":135,"column":62},"end":{"line":138,"column":3}}},"9":{"name":"(anonymous_13)","decl":{"start":{"line":143,"column":2},"end":{"line":143,"column":10}},"loc":{"start":{"line":143,"column":41},"end":{"line":152,"column":3}}}},"branchMap":{"0":{"loc":{"start":{"line":48,"column":18},"end":{"line":48,"column":89}},"type":"cond-expr","locations":[{"start":{"line":48,"column":41},"end":{"line":48,"column":84}},{"start":{"line":48,"column":87},"end":{"line":48,"column":89}}]},"1":{"loc":{"start":{"line":59,"column":19},"end":{"line":59,"column":30}},"type":"binary-expr","locations":[{"start":{"line":59,"column":19},"end":{"line":59,"column":24}},{"start":{"line":59,"column":28},"end":{"line":59,"column":30}}]},"2":{"loc":{"start":{"line":60,"column":19},"end":{"line":60,"column":30}},"type":"binary-expr","locations":[{"start":{"line":60,"column":19},"end":{"line":60,"column":25}},{"start":{"line":60,"column":29},"end":{"line":60,"column":30}}]},"3":{"loc":{"start":{"line":73,"column":21},"end":{"line":73,"column":50}},"type":"binary-expr","locations":[{"start":{"line":73,"column":21},"end":{"line":73,"column":37}},{"start":{"line":73,"column":41},"end":{"line":73,"column":50}}]},"4":{"loc":{"start":{"line":85,"column":18},"end":{"line":85,"column":76}},"type":"cond-expr","locations":[{"start":{"line":85,"column":41},"end":{"line":85,"column":71}},{"start":{"line":85,"column":74},"end":{"line":85,"column":76}}]},"5":{"loc":{"start":{"line":114,"column":4},"end":{"line":117,"column":5}},"type":"if","locations":[{"start":{"line":114,"column":4},"end":{"line":117,"column":5}},{"start":{},"end":{}}]},"6":{"loc":{"start":{"line":120,"column":22},"end":{"line":120,"column":73}},"type":"cond-expr","locations":[{"start":{"line":120,"column":50},"end":{"line":120,"column":60}},{"start":{"line":120,"column":63},"end":{"line":120,"column":73}}]},"7":{"loc":{"start":{"line":150,"column":19},"end":{"line":150,"column":30}},"type":"binary-expr","locations":[{"start":{"line":150,"column":19},"end":{"line":150,"column":24}},{"start":{"line":150,"column":28},"end":{"line":150,"column":30}}]}},"s":{"0":1,"1":1,"2":1,"3":1,"4":1,"5":1,"6":1,"7":3,"8":3,"9":0,"10":0,"11":0,"12":0,"13":0,"14":0,"15":0,"16":0,"17":1,"18":2,"19":1,"20":1,"21":1,"22":0,"23":0,"24":0,"25":1,"26":1,"27":1,"28":1,"29":1,"30":1,"31":1,"32":1,"33":1,"34":1,"35":1},"f":{"0":3,"1":0,"2":0,"3":0,"4":0,"5":1,"6":2,"7":0,"8":0,"9":0},"b":{"0":[0,0],"1":[0,0],"2":[0,0],"3":[0,0],"4":[0,0],"5":[1,1],"6":[0,1],"7":[0,0]}}
,"/home/kadso05/projets/laplasse/apps/api/src/auth/auth.controller.ts": {"path":"/home/kadso05/projets/laplasse/apps/api/src/auth/auth.controller.ts","statementMap":{"0":{"start":{"line":1,"column":0},"end":{"line":1,"column":93}},"1":{"start":{"line":2,"column":0},"end":{"line":2,"column":44}},"2":{"start":{"line":3,"column":0},"end":{"line":3,"column":44}},"3":{"start":{"line":4,"column":0},"end":{"line":4,"column":80}},"4":{"start":{"line":5,"column":0},"end":{"line":5,"column":54}},"5":{"start":{"line":6,"column":0},"end":{"line":6,"column":54}},"6":{"start":{"line":7,"column":0},"end":{"line":7,"column":65}},"7":{"start":{"line":11,"column":7},"end":{"line":61,"column":null}},"8":{"start":{"line":12,"column":31},"end":{"line":12,"column":44}},"9":{"start":{"line":17,"column":4},"end":{"line":17,"column":null}},"10":{"start":{"line":24,"column":4},"end":{"line":24,"column":null}},"11":{"start":{"line":32,"column":4},"end":{"line":32,"column":null}},"12":{"start":{"line":40,"column":4},"end":{"line":40,"column":null}},"13":{"start":{"line":46,"column":4},"end":{"line":46,"column":null}},"14":{"start":{"line":52,"column":4},"end":{"line":52,"column":null}},"15":{"start":{"line":59,"column":4},"end":{"line":59,"column":null}},"16":{"start":{"line":11,"column":13},"end":{"line":11,"column":27}},"17":{"start":{"line":16,"column":2},"end":{"line":18,"column":null}},"18":{"start":{"line":23,"column":2},"end":{"line":25,"column":null}},"19":{"start":{"line":31,"column":2},"end":{"line":33,"column":null}},"20":{"start":{"line":39,"column":2},"end":{"line":41,"column":null}},"21":{"start":{"line":45,"column":2},"end":{"line":47,"column":null}},"22":{"start":{"line":51,"column":2},"end":{"line":53,"column":null}},"23":{"start":{"line":58,"column":2},"end":{"line":60,"column":null}},"24":{"start":{"line":11,"column":13},"end":{"line":61,"column":null}}},"fnMap":{"0":{"name":"(anonymous_4)","decl":{"start":{"line":12,"column":2},"end":{"line":12,"column":31}},"loc":{"start":{"line":12,"column":55},"end":{"line":12,"column":59}}},"1":{"name":"(anonymous_5)","decl":{"start":{"line":16,"column":2},"end":{"line":16,"column":10}},"loc":{"start":{"line":16,"column":35},"end":{"line":18,"column":3}}},"2":{"name":"(anonymous_6)","decl":{"start":{"line":23,"column":2},"end":{"line":23,"column":7}},"loc":{"start":{"line":23,"column":29},"end":{"line":25,"column":3}}},"3":{"name":"(anonymous_7)","decl":{"start":{"line":31,"column":2},"end":{"line":31,"column":9}},"loc":{"start":{"line":31,"column":33},"end":{"line":33,"column":3}}},"4":{"name":"(anonymous_8)","decl":{"start":{"line":39,"column":2},"end":{"line":39,"column":11}},"loc":{"start":{"line":39,"column":37},"end":{"line":41,"column":3}}},"5":{"name":"(anonymous_9)","decl":{"start":{"line":45,"column":2},"end":{"line":45,"column":9}},"loc":{"start":{"line":45,"column":45},"end":{"line":47,"column":3}}},"6":{"name":"(anonymous_10)","decl":{"start":{"line":51,"column":2},"end":{"line":51,"column":7}},"loc":{"start":{"line":51,"column":43},"end":{"line":53,"column":3}}},"7":{"name":"(anonymous_11)","decl":{"start":{"line":58,"column":2},"end":{"line":58,"column":8}},"loc":{"start":{"line":58,"column":8},"end":{"line":60,"column":3}}}},"branchMap":{},"s":{"0":0,"1":0,"2":0,"3":0,"4":0,"5":0,"6":0,"7":0,"8":0,"9":0,"10":0,"11":0,"12":0,"13":0,"14":0,"15":0,"16":0,"17":0,"18":0,"19":0,"20":0,"21":0,"22":0,"23":0,"24":0},"f":{"0":0,"1":0,"2":0,"3":0,"4":0,"5":0,"6":0,"7":0},"b":{}}
,"/home/kadso05/projets/laplasse/apps/api/src/auth/auth.service.ts": {"path":"/home/kadso05/projets/laplasse/apps/api/src/auth/auth.service.ts","statementMap":{"0":{"start":{"line":1,"column":0},"end":{"line":1,"column":null}},"1":{"start":{"line":4,"column":0},"end":{"line":4,"column":40}},"2":{"start":{"line":5,"column":0},"end":{"line":5,"column":46}},"3":{"start":{"line":6,"column":0},"end":{"line":6,"column":40}},"4":{"start":{"line":7,"column":0},"end":{"line":7,"column":56}},"5":{"start":{"line":8,"column":0},"end":{"line":8,"column":47}},"6":{"start":{"line":12,"column":24},"end":{"line":176,"column":null}},"7":{"start":{"line":13,"column":28},"end":{"line":13,"column":56}},"8":{"start":{"line":16,"column":21},"end":{"line":16,"column":29}},"9":{"start":{"line":17,"column":21},"end":{"line":17,"column":26}},"10":{"start":{"line":18,"column":21},"end":{"line":18,"column":29}},"11":{"start":{"line":19,"column":21},"end":{"line":19,"column":26}},"12":{"start":{"line":25,"column":21},"end":{"line":25,"column":87}},"13":{"start":{"line":26,"column":4},"end":{"line":26,"column":null}},"14":{"start":{"line":26,"column":18},"end":{"line":26,"column":null}},"15":{"start":{"line":28,"column":18},"end":{"line":28,"column":43}},"16":{"start":{"line":30,"column":4},"end":{"line":33,"column":5}},"17":{"start":{"line":31,"column":25},"end":{"line":31,"column":80}},"18":{"start":{"line":32,"column":6},"end":{"line":32,"column":null}},"19":{"start":{"line":32,"column":22},"end":{"line":32,"column":null}},"20":{"start":{"line":35,"column":25},"end":{"line":35,"column":53}},"21":{"start":{"line":38,"column":4},"end":{"line":57,"column":5}},"22":{"start":{"line":39,"column":6},"end":{"line":48,"column":null}},"23":{"start":{"line":50,"column":6},"end":{"line":52,"column":7}},"24":{"start":{"line":51,"column":8},"end":{"line":51,"column":null}},"25":{"start":{"line":53,"column":6},"end":{"line":55,"column":7}},"26":{"start":{"line":54,"column":8},"end":{"line":54,"column":null}},"27":{"start":{"line":56,"column":6},"end":{"line":56,"column":null}},"28":{"start":{"line":59,"column":19},"end":{"line":59,"column":76}},"29":{"start":{"line":60,"column":4},"end":{"line":60,"column":null}},"30":{"start":{"line":62,"column":4},"end":{"line":62,"column":null}},"31":{"start":{"line":68,"column":17},"end":{"line":74,"column":6}},"32":{"start":{"line":76,"column":4},"end":{"line":76,"column":null}},"33":{"start":{"line":76,"column":38},"end":{"line":76,"column":null}},"34":{"start":{"line":78,"column":18},"end":{"line":78,"column":65}},"35":{"start":{"line":79,"column":4},"end":{"line":79,"column":null}},"36":{"start":{"line":79,"column":16},"end":{"line":79,"column":null}},"37":{"start":{"line":81,"column":46},"end":{"line":81,"column":50}},"38":{"start":{"line":82,"column":19},"end":{"line":82,"column":76}},"39":{"start":{"line":84,"column":4},"end":{"line":84,"column":null}},"40":{"start":{"line":90,"column":17},"end":{"line":93,"column":6}},"41":{"start":{"line":94,"column":4},"end":{"line":94,"column":null}},"42":{"start":{"line":94,"column":15},"end":{"line":94,"column":null}},"43":{"start":{"line":96,"column":4},"end":{"line":96,"column":null}},"44":{"start":{"line":102,"column":4},"end":{"line":109,"column":null}},"45":{"start":{"line":115,"column":4},"end":{"line":115,"column":null}},"46":{"start":{"line":119,"column":18},"end":{"line":119,"column":61}},"47":{"start":{"line":120,"column":4},"end":{"line":120,"column":null}},"48":{"start":{"line":120,"column":16},"end":{"line":120,"column":null}},"49":{"start":{"line":122,"column":23},"end":{"line":122,"column":53}},"50":{"start":{"line":123,"column":17},"end":{"line":135,"column":6}},"51":{"start":{"line":137,"column":4},"end":{"line":137,"column":null}},"52":{"start":{"line":137,"column":15},"end":{"line":137,"column":null}},"53":{"start":{"line":139,"column":4},"end":{"line":142,"column":null}},"54":{"start":{"line":144,"column":19},"end":{"line":144,"column":76}},"55":{"start":{"line":145,"column":4},"end":{"line":145,"column":null}},"56":{"start":{"line":151,"column":4},"end":{"line":157,"column":null}},"57":{"start":{"line":161,"column":20},"end":{"line":161,"column":48}},"58":{"start":{"line":163,"column":42},"end":{"line":172,"column":6}},"59":{"start":{"line":174,"column":4},"end":{"line":174,"column":null}},"60":{"start":{"line":12,"column":13},"end":{"line":12,"column":24}},"61":{"start":{"line":12,"column":13},"end":{"line":176,"column":null}}},"fnMap":{"0":{"name":"(anonymous_2)","decl":{"start":{"line":15,"column":2},"end":{"line":15,"column":null}},"loc":{"start":{"line":19,"column":36},"end":{"line":20,"column":6}}},"1":{"name":"(anonymous_3)","decl":{"start":{"line":24,"column":2},"end":{"line":24,"column":7}},"loc":{"start":{"line":24,"column":33},"end":{"line":63,"column":3}}},"2":{"name":"(anonymous_4)","decl":{"start":{"line":67,"column":2},"end":{"line":67,"column":7}},"loc":{"start":{"line":67,"column":27},"end":{"line":85,"column":3}}},"3":{"name":"(anonymous_5)","decl":{"start":{"line":89,"column":2},"end":{"line":89,"column":7}},"loc":{"start":{"line":89,"column":30},"end":{"line":97,"column":3}}},"4":{"name":"(anonymous_6)","decl":{"start":{"line":101,"column":2},"end":{"line":101,"column":7}},"loc":{"start":{"line":101,"column":28},"end":{"line":110,"column":3}}},"5":{"name":"(anonymous_7)","decl":{"start":{"line":114,"column":2},"end":{"line":114,"column":7}},"loc":{"start":{"line":114,"column":34},"end":{"line":116,"column":3}}},"6":{"name":"(anonymous_8)","decl":{"start":{"line":118,"column":2},"end":{"line":118,"column":7}},"loc":{"start":{"line":118,"column":53},"end":{"line":146,"column":3}}},"7":{"name":"(anonymous_9)","decl":{"start":{"line":150,"column":10},"end":{"line":150,"column":28}},"loc":{"start":{"line":150,"column":56},"end":{"line":158,"column":3}}},"8":{"name":"(anonymous_10)","decl":{"start":{"line":160,"column":10},"end":{"line":160,"column":15}},"loc":{"start":{"line":160,"column":74},"end":{"line":175,"column":3}}}},"branchMap":{"0":{"loc":{"start":{"line":26,"column":4},"end":{"line":26,"column":null}},"type":"if","locations":[{"start":{"line":26,"column":4},"end":{"line":26,"column":null}},{"start":{},"end":{}}]},"1":{"loc":{"start":{"line":28,"column":18},"end":{"line":28,"column":43}},"type":"binary-expr","locations":[{"start":{"line":28,"column":18},"end":{"line":28,"column":35}},{"start":{"line":28,"column":39},"end":{"line":28,"column":43}}]},"2":{"loc":{"start":{"line":30,"column":4},"end":{"line":33,"column":5}},"type":"if","locations":[{"start":{"line":30,"column":4},"end":{"line":33,"column":5}},{"start":{},"end":{}}]},"3":{"loc":{"start":{"line":32,"column":6},"end":{"line":32,"column":null}},"type":"if","locations":[{"start":{"line":32,"column":6},"end":{"line":32,"column":null}},{"start":{},"end":{}}]},"4":{"loc":{"start":{"line":50,"column":6},"end":{"line":52,"column":7}},"type":"if","locations":[{"start":{"line":50,"column":6},"end":{"line":52,"column":7}},{"start":{},"end":{}}]},"5":{"loc":{"start":{"line":53,"column":6},"end":{"line":55,"column":7}},"type":"if","locations":[{"start":{"line":53,"column":6},"end":{"line":55,"column":7}},{"start":{},"end":{}}]},"6":{"loc":{"start":{"line":76,"column":4},"end":{"line":76,"column":null}},"type":"if","locations":[{"start":{"line":76,"column":4},"end":{"line":76,"column":null}},{"start":{},"end":{}}]},"7":{"loc":{"start":{"line":76,"column":8},"end":{"line":76,"column":36}},"type":"binary-expr","locations":[{"start":{"line":76,"column":8},"end":{"line":76,"column":13}},{"start":{"line":76,"column":17},"end":{"line":76,"column":36}}]},"8":{"loc":{"start":{"line":79,"column":4},"end":{"line":79,"column":null}},"type":"if","locations":[{"start":{"line":79,"column":4},"end":{"line":79,"column":null}},{"start":{},"end":{}}]},"9":{"loc":{"start":{"line":94,"column":4},"end":{"line":94,"column":null}},"type":"if","locations":[{"start":{"line":94,"column":4},"end":{"line":94,"column":null}},{"start":{},"end":{}}]},"10":{"loc":{"start":{"line":120,"column":4},"end":{"line":120,"column":null}},"type":"if","locations":[{"start":{"line":120,"column":4},"end":{"line":120,"column":null}},{"start":{},"end":{}}]},"11":{"loc":{"start":{"line":137,"column":4},"end":{"line":137,"column":null}},"type":"if","locations":[{"start":{"line":137,"column":4},"end":{"line":137,"column":null}},{"start":{},"end":{}}]},"12":{"loc":{"start":{"line":152,"column":6},"end":{"line":156,"column":76}},"type":"binary-expr","locations":[{"start":{"line":152,"column":6},"end":{"line":152,"column":29}},{"start":{"line":152,"column":33},"end":{"line":152,"column":45}},{"start":{"line":153,"column":9},"end":{"line":153,"column":22}},{"start":{"line":153,"column":27},"end":{"line":153,"column":68}},{"start":{"line":154,"column":9},"end":{"line":154,"column":22}},{"start":{"line":155,"column":9},"end":{"line":155,"column":77}},{"start":{"line":156,"column":10},"end":{"line":156,"column":76}}]},"13":{"loc":{"start":{"line":166,"column":19},"end":{"line":166,"column":65}},"type":"binary-expr","locations":[{"start":{"line":166,"column":19},"end":{"line":166,"column":56}},{"start":{"line":166,"column":60},"end":{"line":166,"column":65}}]},"14":{"loc":{"start":{"line":170,"column":19},"end":{"line":170,"column":66}},"type":"binary-expr","locations":[{"start":{"line":170,"column":19},"end":{"line":170,"column":57}},{"start":{"line":170,"column":61},"end":{"line":170,"column":66}}]}},"s":{"0":1,"1":1,"2":1,"3":1,"4":1,"5":1,"6":1,"7":4,"8":4,"9":4,"10":4,"11":4,"12":2,"13":2,"14":1,"15":1,"16":1,"17":0,"18":0,"19":0,"20":1,"21":1,"22":1,"23":0,"24":0,"25":0,"26":0,"27":0,"28":1,"29":1,"30":1,"31":2,"32":2,"33":1,"34":1,"35":1,"36":0,"37":1,"38":1,"39":1,"40":0,"41":0,"42":0,"43":0,"44":0,"45":0,"46":0,"47":0,"48":0,"49":0,"50":0,"51":0,"52":0,"53":0,"54":0,"55":0,"56":0,"57":2,"58":2,"59":2,"60":1,"61":1},"f":{"0":4,"1":2,"2":2,"3":0,"4":0,"5":0,"6":0,"7":0,"8":2},"b":{"0":[1,1],"1":[1,1],"2":[0,1],"3":[0,0],"4":[0,0],"5":[0,0],"6":[1,1],"7":[2,1],"8":[0,1],"9":[0,0],"10":[0,0],"11":[0,0],"12":[0,0,0,0,0,0,0],"13":[2,0],"14":[2,0]}}
,"/home/kadso05/projets/laplasse/apps/api/src/auth/guards/jwt-auth.guard.ts": {"path":"/home/kadso05/projets/laplasse/apps/api/src/auth/guards/jwt-auth.guard.ts","statementMap":{"0":{"start":{"line":1,"column":0},"end":{"line":1,"column":61}},"1":{"start":{"line":2,"column":0},"end":{"line":2,"column":40}},"2":{"start":{"line":3,"column":0},"end":{"line":3,"column":44}},"3":{"start":{"line":4,"column":0},"end":{"line":4,"column":62}},"4":{"start":{"line":7,"column":7},"end":{"line":20,"column":null}},"5":{"start":{"line":9,"column":4},"end":{"line":9,"column":null}},"6":{"start":{"line":8,"column":22},"end":{"line":8,"column":33}},"7":{"start":{"line":13,"column":21},"end":{"line":16,"column":6}},"8":{"start":{"line":17,"column":4},"end":{"line":17,"column":null}},"9":{"start":{"line":17,"column":18},"end":{"line":17,"column":null}},"10":{"start":{"line":18,"column":4},"end":{"line":18,"column":null}},"11":{"start":{"line":7,"column":13},"end":{"line":7,"column":25}},"12":{"start":{"line":7,"column":13},"end":{"line":20,"column":null}}},"fnMap":{"0":{"name":"(anonymous_2)","decl":{"start":{"line":8,"column":2},"end":{"line":8,"column":22}},"loc":{"start":{"line":8,"column":42},"end":{"line":10,"column":3}}},"1":{"name":"(anonymous_3)","decl":{"start":{"line":12,"column":2},"end":{"line":12,"column":13}},"loc":{"start":{"line":12,"column":39},"end":{"line":19,"column":3}}}},"branchMap":{"0":{"loc":{"start":{"line":17,"column":4},"end":{"line":17,"column":null}},"type":"if","locations":[{"start":{"line":17,"column":4},"end":{"line":17,"column":null}},{"start":{},"end":{}}]}},"s":{"0":1,"1":1,"2":1,"3":1,"4":1,"5":3,"6":3,"7":0,"8":0,"9":0,"10":0,"11":1,"12":1},"f":{"0":3,"1":0},"b":{"0":[0,0]}}
,"/home/kadso05/projets/laplasse/apps/api/src/auth/guards/roles.guard.ts": {"path":"/home/kadso05/projets/laplasse/apps/api/src/auth/guards/roles.guard.ts","statementMap":{"0":{"start":{"line":1,"column":0},"end":{"line":1,"column":94}},"1":{"start":{"line":2,"column":0},"end":{"line":2,"column":40}},"2":{"start":{"line":3,"column":0},"end":{"line":3,"column":57}},"3":{"start":{"line":6,"column":7},"end":{"line":22,"column":null}},"4":{"start":{"line":7,"column":22},"end":{"line":7,"column":33}},"5":{"start":{"line":10,"column":26},"end":{"line":13,"column":6}},"6":{"start":{"line":14,"column":4},"end":{"line":14,"column":null}},"7":{"start":{"line":14,"column":32},"end":{"line":14,"column":null}},"8":{"start":{"line":16,"column":21},"end":{"line":16,"column":56}},"9":{"start":{"line":17,"column":4},"end":{"line":19,"column":5}},"10":{"start":{"line":18,"column":6},"end":{"line":18,"column":null}},"11":{"start":{"line":20,"column":4},"end":{"line":20,"column":null}},"12":{"start":{"line":6,"column":13},"end":{"line":6,"column":23}},"13":{"start":{"line":6,"column":13},"end":{"line":22,"column":null}}},"fnMap":{"0":{"name":"(anonymous_2)","decl":{"start":{"line":7,"column":2},"end":{"line":7,"column":22}},"loc":{"start":{"line":7,"column":42},"end":{"line":7,"column":46}}},"1":{"name":"(anonymous_3)","decl":{"start":{"line":9,"column":2},"end":{"line":9,"column":13}},"loc":{"start":{"line":9,"column":39},"end":{"line":21,"column":3}}}},"branchMap":{"0":{"loc":{"start":{"line":14,"column":4},"end":{"line":14,"column":null}},"type":"if","locations":[{"start":{"line":14,"column":4},"end":{"line":14,"column":null}},{"start":{},"end":{}}]},"1":{"loc":{"start":{"line":17,"column":4},"end":{"line":19,"column":5}},"type":"if","locations":[{"start":{"line":17,"column":4},"end":{"line":19,"column":5}},{"start":{},"end":{}}]},"2":{"loc":{"start":{"line":17,"column":8},"end":{"line":17,"column":51}},"type":"binary-expr","locations":[{"start":{"line":17,"column":8},"end":{"line":17,"column":13}},{"start":{"line":17,"column":17},"end":{"line":17,"column":51}}]}},"s":{"0":1,"1":1,"2":1,"3":1,"4":3,"5":0,"6":0,"7":0,"8":0,"9":0,"10":0,"11":0,"12":1,"13":1},"f":{"0":3,"1":0},"b":{"0":[0,0],"1":[0,0],"2":[0,0]}}
,"/home/kadso05/projets/laplasse/apps/api/src/categories/categories.controller.ts": {"path":"/home/kadso05/projets/laplasse/apps/api/src/categories/categories.controller.ts","statementMap":{"0":{"start":{"line":1,"column":0},"end":{"line":1,"column":74}},"1":{"start":{"line":2,"column":0},"end":{"line":2,"column":60}},"2":{"start":{"line":3,"column":0},"end":{"line":3,"column":56}},"3":{"start":{"line":7,"column":7},"end":{"line":21,"column":null}},"4":{"start":{"line":8,"column":31},"end":{"line":8,"column":50}},"5":{"start":{"line":12,"column":4},"end":{"line":12,"column":null}},"6":{"start":{"line":17,"column":21},"end":{"line":17,"column":66}},"7":{"start":{"line":18,"column":4},"end":{"line":18,"column":null}},"8":{"start":{"line":18,"column":19},"end":{"line":18,"column":null}},"9":{"start":{"line":19,"column":4},"end":{"line":19,"column":null}},"10":{"start":{"line":7,"column":13},"end":{"line":7,"column":33}},"11":{"start":{"line":11,"column":2},"end":{"line":13,"column":null}},"12":{"start":{"line":16,"column":8},"end":{"line":20,"column":null}},"13":{"start":{"line":7,"column":13},"end":{"line":21,"column":null}}},"fnMap":{"0":{"name":"(anonymous_4)","decl":{"start":{"line":8,"column":2},"end":{"line":8,"column":31}},"loc":{"start":{"line":8,"column":67},"end":{"line":8,"column":71}}},"1":{"name":"(anonymous_5)","decl":{"start":{"line":11,"column":2},"end":{"line":11,"column":9}},"loc":{"start":{"line":11,"column":9},"end":{"line":13,"column":3}}},"2":{"name":"(anonymous_6)","decl":{"start":{"line":16,"column":8},"end":{"line":16,"column":15}},"loc":{"start":{"line":16,"column":43},"end":{"line":20,"column":3}}}},"branchMap":{"0":{"loc":{"start":{"line":18,"column":4},"end":{"line":18,"column":null}},"type":"if","locations":[{"start":{"line":18,"column":4},"end":{"line":18,"column":null}},{"start":{},"end":{}}]}},"s":{"0":0,"1":0,"2":0,"3":0,"4":0,"5":0,"6":0,"7":0,"8":0,"9":0,"10":0,"11":0,"12":0,"13":0},"f":{"0":0,"1":0,"2":0},"b":{"0":[0,0]}}
,"/home/kadso05/projets/laplasse/apps/api/src/categories/categories.service.ts": {"path":"/home/kadso05/projets/laplasse/apps/api/src/categories/categories.service.ts","statementMap":{"0":{"start":{"line":1,"column":0},"end":{"line":1,"column":43}},"1":{"start":{"line":2,"column":0},"end":{"line":2,"column":56}},"2":{"start":{"line":5,"column":7},"end":{"line":37,"column":null}},"3":{"start":{"line":6,"column":31},"end":{"line":6,"column":39}},"4":{"start":{"line":9,"column":4},"end":{"line":25,"column":null}},"5":{"start":{"line":29,"column":4},"end":{"line":35,"column":null}},"6":{"start":{"line":5,"column":13},"end":{"line":5,"column":30}},"7":{"start":{"line":5,"column":13},"end":{"line":37,"column":null}}},"fnMap":{"0":{"name":"(anonymous_2)","decl":{"start":{"line":6,"column":2},"end":{"line":6,"column":31}},"loc":{"start":{"line":6,"column":52},"end":{"line":6,"column":56}}},"1":{"name":"(anonymous_3)","decl":{"start":{"line":8,"column":2},"end":{"line":8,"column":7}},"loc":{"start":{"line":8,"column":15},"end":{"line":26,"column":3}}},"2":{"name":"(anonymous_4)","decl":{"start":{"line":28,"column":2},"end":{"line":28,"column":7}},"loc":{"start":{"line":28,"column":31},"end":{"line":36,"column":3}}}},"branchMap":{},"s":{"0":0,"1":0,"2":0,"3":0,"4":0,"5":0,"6":0,"7":0},"f":{"0":0,"1":0,"2":0},"b":{}}
,"/home/kadso05/projets/laplasse/apps/api/src/common/filters/http-exception.filter.ts": {"path":"/home/kadso05/projets/laplasse/apps/api/src/common/filters/http-exception.filter.ts","statementMap":{"0":{"start":{"line":1,"column":0},"end":{"line":1,"column":null}},"1":{"start":{"line":12,"column":32},"end":{"line":46,"column":null}},"2":{"start":{"line":13,"column":28},"end":{"line":13,"column":64}},"3":{"start":{"line":16,"column":16},"end":{"line":16,"column":35}},"4":{"start":{"line":17,"column":21},"end":{"line":17,"column":48}},"5":{"start":{"line":18,"column":20},"end":{"line":18,"column":45}},"6":{"start":{"line":21,"column":6},"end":{"line":23,"column":42}},"7":{"start":{"line":26,"column":6},"end":{"line":28,"column":33}},"8":{"start":{"line":30,"column":26},"end":{"line":38,"column":null}},"9":{"start":{"line":40,"column":4},"end":{"line":42,"column":5}},"10":{"start":{"line":41,"column":6},"end":{"line":41,"column":null}},"11":{"start":{"line":44,"column":4},"end":{"line":44,"column":null}},"12":{"start":{"line":12,"column":13},"end":{"line":12,"column":32}},"13":{"start":{"line":12,"column":13},"end":{"line":46,"column":null}}},"fnMap":{"0":{"name":"(anonymous_1)","decl":{"start":{"line":15,"column":2},"end":{"line":15,"column":7}},"loc":{"start":{"line":15,"column":47},"end":{"line":45,"column":3}}}},"branchMap":{"0":{"loc":{"start":{"line":21,"column":6},"end":{"line":23,"column":42}},"type":"cond-expr","locations":[{"start":{"line":22,"column":10},"end":{"line":22,"column":31}},{"start":{"line":23,"column":10},"end":{"line":23,"column":42}}]},"1":{"loc":{"start":{"line":26,"column":6},"end":{"line":28,"column":33}},"type":"cond-expr","locations":[{"start":{"line":27,"column":10},"end":{"line":27,"column":33}},{"start":{"line":28,"column":10},"end":{"line":28,"column":33}}]},"2":{"loc":{"start":{"line":35,"column":8},"end":{"line":37,"column":67}},"type":"cond-expr","locations":[{"start":{"line":36,"column":12},"end":{"line":36,"column":19}},{"start":{"line":37,"column":13},"end":{"line":37,"column":67}}]},"3":{"loc":{"start":{"line":37,"column":13},"end":{"line":37,"column":67}},"type":"binary-expr","locations":[{"start":{"line":37,"column":13},"end":{"line":37,"column":56}},{"start":{"line":37,"column":60},"end":{"line":37,"column":67}}]},"4":{"loc":{"start":{"line":40,"column":4},"end":{"line":42,"column":5}},"type":"if","locations":[{"start":{"line":40,"column":4},"end":{"line":42,"column":5}},{"start":{},"end":{}}]},"5":{"loc":{"start":{"line":41,"column":60},"end":{"line":41,"column":124}},"type":"cond-expr","locations":[{"start":{"line":41,"column":89},"end":{"line":41,"column":104}},{"start":{"line":41,"column":107},"end":{"line":41,"column":124}}]}},"s":{"0":0,"1":0,"2":0,"3":0,"4":0,"5":0,"6":0,"7":0,"8":0,"9":0,"10":0,"11":0,"12":0,"13":0},"f":{"0":0},"b":{"0":[0,0],"1":[0,0],"2":[0,0],"3":[0,0],"4":[0,0],"5":[0,0]}}
,"/home/kadso05/projets/laplasse/apps/api/src/complaints/complaints.controller.ts": {"path":"/home/kadso05/projets/laplasse/apps/api/src/complaints/complaints.controller.ts","statementMap":{"0":{"start":{"line":1,"column":0},"end":{"line":1,"column":66}},"1":{"start":{"line":2,"column":0},"end":{"line":2,"column":60}},"2":{"start":{"line":3,"column":0},"end":{"line":3,"column":71}},"3":{"start":{"line":4,"column":0},"end":{"line":4,"column":56}},"4":{"start":{"line":8,"column":7},"end":{"line":18,"column":null}},"5":{"start":{"line":9,"column":31},"end":{"line":9,"column":50}},"6":{"start":{"line":16,"column":4},"end":{"line":16,"column":null}},"7":{"start":{"line":8,"column":13},"end":{"line":8,"column":33}},"8":{"start":{"line":12,"column":2},"end":{"line":17,"column":null}},"9":{"start":{"line":8,"column":13},"end":{"line":18,"column":null}}},"fnMap":{"0":{"name":"(anonymous_4)","decl":{"start":{"line":9,"column":2},"end":{"line":9,"column":31}},"loc":{"start":{"line":9,"column":67},"end":{"line":9,"column":71}}},"1":{"name":"(anonymous_5)","decl":{"start":{"line":12,"column":2},"end":{"line":12,"column":8}},"loc":{"start":{"line":14,"column":39},"end":{"line":17,"column":3}}}},"branchMap":{},"s":{"0":0,"1":0,"2":0,"3":0,"4":0,"5":0,"6":0,"7":0,"8":0,"9":0},"f":{"0":0,"1":0},"b":{}}
,"/home/kadso05/projets/laplasse/apps/api/src/complaints/complaints.service.ts": {"path":"/home/kadso05/projets/laplasse/apps/api/src/complaints/complaints.service.ts","statementMap":{"0":{"start":{"line":1,"column":0},"end":{"line":1,"column":62}},"1":{"start":{"line":2,"column":0},"end":{"line":2,"column":56}},"2":{"start":{"line":5,"column":7},"end":{"line":73,"column":null}},"3":{"start":{"line":6,"column":31},"end":{"line":6,"column":39}},"4":{"start":{"line":12,"column":21},"end":{"line":12,"column":95}},"5":{"start":{"line":13,"column":4},"end":{"line":13,"column":null}},"6":{"start":{"line":13,"column":19},"end":{"line":13,"column":null}},"7":{"start":{"line":15,"column":4},"end":{"line":27,"column":null}},"8":{"start":{"line":31,"column":18},"end":{"line":33,"column":10}},"9":{"start":{"line":35,"column":23},"end":{"line":42,"column":6}},"10":{"start":{"line":44,"column":20},"end":{"line":44,"column":64}},"11":{"start":{"line":44,"column":52},"end":{"line":44,"column":61}},"12":{"start":{"line":45,"column":18},"end":{"line":48,"column":6}},"13":{"start":{"line":49,"column":20},"end":{"line":49,"column":65}},"14":{"start":{"line":49,"column":54},"end":{"line":49,"column":63}},"15":{"start":{"line":51,"column":4},"end":{"line":54,"column":null}},"16":{"start":{"line":51,"column":32},"end":{"line":54,"column":6}},"17":{"start":{"line":58,"column":22},"end":{"line":62,"column":null}},"18":{"start":{"line":64,"column":4},"end":{"line":71,"column":null}},"19":{"start":{"line":5,"column":13},"end":{"line":5,"column":30}},"20":{"start":{"line":5,"column":13},"end":{"line":73,"column":null}}},"fnMap":{"0":{"name":"(anonymous_2)","decl":{"start":{"line":6,"column":2},"end":{"line":6,"column":31}},"loc":{"start":{"line":6,"column":52},"end":{"line":6,"column":56}}},"1":{"name":"(anonymous_3)","decl":{"start":{"line":8,"column":2},"end":{"line":8,"column":7}},"loc":{"start":{"line":10,"column":18},"end":{"line":28,"column":3}}},"2":{"name":"(anonymous_4)","decl":{"start":{"line":30,"column":2},"end":{"line":30,"column":7}},"loc":{"start":{"line":30,"column":31},"end":{"line":55,"column":3}}},"3":{"name":"(anonymous_5)","decl":{"start":{"line":44,"column":47},"end":{"line":44,"column":48}},"loc":{"start":{"line":44,"column":52},"end":{"line":44,"column":61}}},"4":{"name":"(anonymous_6)","decl":{"start":{"line":49,"column":49},"end":{"line":49,"column":50}},"loc":{"start":{"line":49,"column":54},"end":{"line":49,"column":63}}},"5":{"name":"(anonymous_7)","decl":{"start":{"line":51,"column":26},"end":{"line":51,"column":27}},"loc":{"start":{"line":51,"column":32},"end":{"line":54,"column":6}}},"6":{"name":"(anonymous_8)","decl":{"start":{"line":57,"column":2},"end":{"line":57,"column":7}},"loc":{"start":{"line":57,"column":69},"end":{"line":72,"column":3}}}},"branchMap":{"0":{"loc":{"start":{"line":13,"column":4},"end":{"line":13,"column":null}},"type":"if","locations":[{"start":{"line":13,"column":4},"end":{"line":13,"column":null}},{"start":{},"end":{}}]},"1":{"loc":{"start":{"line":20,"column":21},"end":{"line":20,"column":45}},"type":"binary-expr","locations":[{"start":{"line":20,"column":21},"end":{"line":20,"column":37}},{"start":{"line":20,"column":41},"end":{"line":20,"column":45}}]},"2":{"loc":{"start":{"line":31,"column":18},"end":{"line":33,"column":10}},"type":"cond-expr","locations":[{"start":{"line":32,"column":8},"end":{"line":32,"column":70}},{"start":{"line":33,"column":8},"end":{"line":33,"column":10}}]},"3":{"loc":{"start":{"line":53,"column":16},"end":{"line":53,"column":90}},"type":"binary-expr","locations":[{"start":{"line":53,"column":16},"end":{"line":53,"column":34}},{"start":{"line":53,"column":38},"end":{"line":53,"column":90}}]},"4":{"loc":{"start":{"line":68,"column":21},"end":{"line":68,"column":90}},"type":"cond-expr","locations":[{"start":{"line":68,"column":68},"end":{"line":68,"column":78}},{"start":{"line":68,"column":81},"end":{"line":68,"column":90}}]},"5":{"loc":{"start":{"line":68,"column":21},"end":{"line":68,"column":65}},"type":"binary-expr","locations":[{"start":{"line":68,"column":21},"end":{"line":68,"column":41}},{"start":{"line":68,"column":45},"end":{"line":68,"column":65}}]}},"s":{"0":1,"1":1,"2":1,"3":0,"4":0,"5":0,"6":0,"7":0,"8":0,"9":0,"10":0,"11":0,"12":0,"13":0,"14":0,"15":0,"16":0,"17":0,"18":0,"19":1,"20":1},"f":{"0":0,"1":0,"2":0,"3":0,"4":0,"5":0,"6":0},"b":{"0":[0,0],"1":[0,0],"2":[0,0],"3":[0,0],"4":[0,0],"5":[0,0]}}
,"/home/kadso05/projets/laplasse/apps/api/src/favorites/favorites.controller.ts": {"path":"/home/kadso05/projets/laplasse/apps/api/src/favorites/favorites.controller.ts","statementMap":{"0":{"start":{"line":1,"column":0},"end":{"line":1,"column":72}},"1":{"start":{"line":2,"column":0},"end":{"line":2,"column":54}},"2":{"start":{"line":3,"column":0},"end":{"line":3,"column":60}},"3":{"start":{"line":4,"column":0},"end":{"line":4,"column":71}},"4":{"start":{"line":8,"column":7},"end":{"line":33,"column":null}},"5":{"start":{"line":9,"column":31},"end":{"line":9,"column":49}},"6":{"start":{"line":13,"column":4},"end":{"line":13,"column":null}},"7":{"start":{"line":22,"column":4},"end":{"line":22,"column":null}},"8":{"start":{"line":31,"column":4},"end":{"line":31,"column":null}},"9":{"start":{"line":8,"column":13},"end":{"line":8,"column":32}},"10":{"start":{"line":12,"column":2},"end":{"line":14,"column":null}},"11":{"start":{"line":18,"column":2},"end":{"line":23,"column":null}},"12":{"start":{"line":27,"column":2},"end":{"line":32,"column":null}},"13":{"start":{"line":8,"column":13},"end":{"line":33,"column":null}}},"fnMap":{"0":{"name":"(anonymous_4)","decl":{"start":{"line":9,"column":2},"end":{"line":9,"column":31}},"loc":{"start":{"line":9,"column":65},"end":{"line":9,"column":69}}},"1":{"name":"(anonymous_5)","decl":{"start":{"line":12,"column":2},"end":{"line":12,"column":10}},"loc":{"start":{"line":12,"column":46},"end":{"line":14,"column":3}}},"2":{"name":"(anonymous_6)","decl":{"start":{"line":18,"column":2},"end":{"line":18,"column":8}},"loc":{"start":{"line":20,"column":39},"end":{"line":23,"column":3}}},"3":{"name":"(anonymous_7)","decl":{"start":{"line":27,"column":2},"end":{"line":27,"column":7}},"loc":{"start":{"line":29,"column":39},"end":{"line":32,"column":3}}}},"branchMap":{},"s":{"0":0,"1":0,"2":0,"3":0,"4":0,"5":0,"6":0,"7":0,"8":0,"9":0,"10":0,"11":0,"12":0,"13":0},"f":{"0":0,"1":0,"2":0,"3":0},"b":{}}
,"/home/kadso05/projets/laplasse/apps/api/src/favorites/favorites.service.ts": {"path":"/home/kadso05/projets/laplasse/apps/api/src/favorites/favorites.service.ts","statementMap":{"0":{"start":{"line":1,"column":0},"end":{"line":1,"column":62}},"1":{"start":{"line":2,"column":0},"end":{"line":2,"column":56}},"2":{"start":{"line":5,"column":7},"end":{"line":51,"column":null}},"3":{"start":{"line":6,"column":31},"end":{"line":6,"column":39}},"4":{"start":{"line":9,"column":21},"end":{"line":9,"column":89}},"5":{"start":{"line":10,"column":4},"end":{"line":10,"column":null}},"6":{"start":{"line":10,"column":19},"end":{"line":10,"column":null}},"7":{"start":{"line":12,"column":21},"end":{"line":14,"column":6}},"8":{"start":{"line":16,"column":4},"end":{"line":19,"column":5}},"9":{"start":{"line":17,"column":6},"end":{"line":17,"column":null}},"10":{"start":{"line":18,"column":6},"end":{"line":18,"column":null}},"11":{"start":{"line":21,"column":4},"end":{"line":23,"column":null}},"12":{"start":{"line":24,"column":4},"end":{"line":24,"column":null}},"13":{"start":{"line":28,"column":17},"end":{"line":41,"column":6}},"14":{"start":{"line":42,"column":4},"end":{"line":42,"column":null}},"15":{"start":{"line":42,"column":25},"end":{"line":42,"column":35}},"16":{"start":{"line":46,"column":16},"end":{"line":48,"column":6}},"17":{"start":{"line":49,"column":4},"end":{"line":49,"column":null}},"18":{"start":{"line":5,"column":13},"end":{"line":5,"column":29}},"19":{"start":{"line":5,"column":13},"end":{"line":51,"column":null}}},"fnMap":{"0":{"name":"(anonymous_2)","decl":{"start":{"line":6,"column":2},"end":{"line":6,"column":31}},"loc":{"start":{"line":6,"column":52},"end":{"line":6,"column":56}}},"1":{"name":"(anonymous_3)","decl":{"start":{"line":8,"column":2},"end":{"line":8,"column":7}},"loc":{"start":{"line":8,"column":49},"end":{"line":25,"column":3}}},"2":{"name":"(anonymous_4)","decl":{"start":{"line":27,"column":2},"end":{"line":27,"column":7}},"loc":{"start":{"line":27,"column":31},"end":{"line":43,"column":3}}},"3":{"name":"(anonymous_5)","decl":{"start":{"line":42,"column":20},"end":{"line":42,"column":21}},"loc":{"start":{"line":42,"column":25},"end":{"line":42,"column":35}}},"4":{"name":"(anonymous_6)","decl":{"start":{"line":45,"column":2},"end":{"line":45,"column":7}},"loc":{"start":{"line":45,"column":54},"end":{"line":50,"column":3}}}},"branchMap":{"0":{"loc":{"start":{"line":10,"column":4},"end":{"line":10,"column":null}},"type":"if","locations":[{"start":{"line":10,"column":4},"end":{"line":10,"column":null}},{"start":{},"end":{}}]},"1":{"loc":{"start":{"line":16,"column":4},"end":{"line":19,"column":5}},"type":"if","locations":[{"start":{"line":16,"column":4},"end":{"line":19,"column":5}},{"start":{},"end":{}}]}},"s":{"0":0,"1":0,"2":0,"3":0,"4":0,"5":0,"6":0,"7":0,"8":0,"9":0,"10":0,"11":0,"12":0,"13":0,"14":0,"15":0,"16":0,"17":0,"18":0,"19":0},"f":{"0":0,"1":0,"2":0,"3":0,"4":0},"b":{"0":[0,0],"1":[0,0]}}
,"/home/kadso05/projets/laplasse/apps/api/src/health/health.controller.ts": {"path":"/home/kadso05/projets/laplasse/apps/api/src/health/health.controller.ts","statementMap":{"0":{"start":{"line":1,"column":0},"end":{"line":1,"column":48}},"1":{"start":{"line":2,"column":0},"end":{"line":2,"column":48}},"2":{"start":{"line":3,"column":0},"end":{"line":3,"column":60}},"3":{"start":{"line":4,"column":0},"end":{"line":4,"column":56}},"4":{"start":{"line":9,"column":7},"end":{"line":31,"column":null}},"5":{"start":{"line":10,"column":31},"end":{"line":10,"column":39}},"6":{"start":{"line":14,"column":19},"end":{"line":14,"column":23}},"7":{"start":{"line":15,"column":4},"end":{"line":19,"column":5}},"8":{"start":{"line":16,"column":6},"end":{"line":16,"column":null}},"9":{"start":{"line":18,"column":6},"end":{"line":18,"column":null}},"10":{"start":{"line":21,"column":4},"end":{"line":29,"column":null}},"11":{"start":{"line":9,"column":13},"end":{"line":9,"column":29}},"12":{"start":{"line":13,"column":8},"end":{"line":30,"column":null}},"13":{"start":{"line":9,"column":13},"end":{"line":31,"column":null}}},"fnMap":{"0":{"name":"(anonymous_2)","decl":{"start":{"line":10,"column":2},"end":{"line":10,"column":31}},"loc":{"start":{"line":10,"column":52},"end":{"line":10,"column":56}}},"1":{"name":"(anonymous_3)","decl":{"start":{"line":13,"column":8},"end":{"line":13,"column":13}},"loc":{"start":{"line":13,"column":13},"end":{"line":30,"column":3}}}},"branchMap":{},"s":{"0":0,"1":0,"2":0,"3":0,"4":0,"5":0,"6":0,"7":0,"8":0,"9":0,"10":0,"11":0,"12":0,"13":0},"f":{"0":0,"1":0},"b":{}}
,"/home/kadso05/projets/laplasse/apps/api/src/merchants/merchants.controller.ts": {"path":"/home/kadso05/projets/laplasse/apps/api/src/merchants/merchants.controller.ts","statementMap":{"0":{"start":{"line":1,"column":0},"end":{"line":1,"column":null}},"1":{"start":{"line":4,"column":0},"end":{"line":4,"column":60}},"2":{"start":{"line":5,"column":0},"end":{"line":5,"column":60}},"3":{"start":{"line":6,"column":0},"end":{"line":6,"column":71}},"4":{"start":{"line":7,"column":0},"end":{"line":7,"column":54}},"5":{"start":{"line":8,"column":0},"end":{"line":8,"column":61}},"6":{"start":{"line":11,"column":7},"end":{"line":162,"column":null}},"7":{"start":{"line":12,"column":31},"end":{"line":12,"column":49}},"8":{"start":{"line":17,"column":4},"end":{"line":17,"column":null}},"9":{"start":{"line":23,"column":4},"end":{"line":23,"column":null}},"10":{"start":{"line":33,"column":4},"end":{"line":33,"column":null}},"11":{"start":{"line":41,"column":4},"end":{"line":41,"column":null}},"12":{"start":{"line":54,"column":4},"end":{"line":54,"column":null}},"13":{"start":{"line":60,"column":4},"end":{"line":60,"column":null}},"14":{"start":{"line":69,"column":4},"end":{"line":69,"column":null}},"15":{"start":{"line":75,"column":4},"end":{"line":75,"column":null}},"16":{"start":{"line":84,"column":4},"end":{"line":84,"column":null}},"17":{"start":{"line":93,"column":4},"end":{"line":93,"column":null}},"18":{"start":{"line":102,"column":4},"end":{"line":102,"column":null}},"19":{"start":{"line":108,"column":4},"end":{"line":108,"column":null}},"20":{"start":{"line":114,"column":4},"end":{"line":114,"column":null}},"21":{"start":{"line":123,"column":4},"end":{"line":123,"column":null}},"22":{"start":{"line":129,"column":4},"end":{"line":129,"column":null}},"23":{"start":{"line":141,"column":4},"end":{"line":141,"column":null}},"24":{"start":{"line":149,"column":21},"end":{"line":149,"column":65}},"25":{"start":{"line":150,"column":4},"end":{"line":150,"column":null}},"26":{"start":{"line":150,"column":19},"end":{"line":150,"column":null}},"27":{"start":{"line":151,"column":4},"end":{"line":151,"column":null}},"28":{"start":{"line":160,"column":4},"end":{"line":160,"column":null}},"29":{"start":{"line":11,"column":13},"end":{"line":11,"column":32}},"30":{"start":{"line":16,"column":2},"end":{"line":18,"column":null}},"31":{"start":{"line":22,"column":2},"end":{"line":24,"column":null}},"32":{"start":{"line":28,"column":2},"end":{"line":34,"column":null}},"33":{"start":{"line":40,"column":2},"end":{"line":42,"column":null}},"34":{"start":{"line":46,"column":2},"end":{"line":55,"column":null}},"35":{"start":{"line":59,"column":2},"end":{"line":61,"column":null}},"36":{"start":{"line":65,"column":2},"end":{"line":70,"column":null}},"37":{"start":{"line":74,"column":2},"end":{"line":76,"column":null}},"38":{"start":{"line":80,"column":2},"end":{"line":85,"column":null}},"39":{"start":{"line":89,"column":2},"end":{"line":94,"column":null}},"40":{"start":{"line":98,"column":2},"end":{"line":103,"column":null}},"41":{"start":{"line":107,"column":2},"end":{"line":109,"column":null}},"42":{"start":{"line":113,"column":2},"end":{"line":115,"column":null}},"43":{"start":{"line":119,"column":2},"end":{"line":124,"column":null}},"44":{"start":{"line":128,"column":2},"end":{"line":130,"column":null}},"45":{"start":{"line":134,"column":2},"end":{"line":142,"column":null}},"46":{"start":{"line":148,"column":8},"end":{"line":152,"column":null}},"47":{"start":{"line":156,"column":2},"end":{"line":161,"column":null}},"48":{"start":{"line":11,"column":13},"end":{"line":162,"column":null}}},"fnMap":{"0":{"name":"(anonymous_4)","decl":{"start":{"line":12,"column":2},"end":{"line":12,"column":31}},"loc":{"start":{"line":12,"column":65},"end":{"line":12,"column":69}}},"1":{"name":"(anonymous_5)","decl":{"start":{"line":16,"column":2},"end":{"line":16,"column":9}},"loc":{"start":{"line":16,"column":43},"end":{"line":18,"column":3}}},"2":{"name":"(anonymous_6)","decl":{"start":{"line":22,"column":2},"end":{"line":22,"column":10}},"loc":{"start":{"line":22,"column":71},"end":{"line":24,"column":3}}},"3":{"name":"(anonymous_7)","decl":{"start":{"line":28,"column":2},"end":{"line":28,"column":8}},"loc":{"start":{"line":31,"column":34},"end":{"line":34,"column":3}}},"4":{"name":"(anonymous_8)","decl":{"start":{"line":40,"column":2},"end":{"line":40,"column":15}},"loc":{"start":{"line":40,"column":51},"end":{"line":42,"column":3}}},"5":{"name":"(anonymous_9)","decl":{"start":{"line":46,"column":2},"end":{"line":46,"column":18}},"loc":{"start":{"line":52,"column":39},"end":{"line":55,"column":3}}},"6":{"name":"(anonymous_10)","decl":{"start":{"line":59,"column":2},"end":{"line":59,"column":12}},"loc":{"start":{"line":59,"column":48},"end":{"line":61,"column":3}}},"7":{"name":"(anonymous_11)","decl":{"start":{"line":65,"column":2},"end":{"line":65,"column":15}},"loc":{"start":{"line":67,"column":39},"end":{"line":70,"column":3}}},"8":{"name":"(anonymous_12)","decl":{"start":{"line":74,"column":2},"end":{"line":74,"column":12}},"loc":{"start":{"line":74,"column":48},"end":{"line":76,"column":3}}},"9":{"name":"(anonymous_13)","decl":{"start":{"line":80,"column":2},"end":{"line":80,"column":12}},"loc":{"start":{"line":82,"column":39},"end":{"line":85,"column":3}}},"10":{"name":"(anonymous_14)","decl":{"start":{"line":89,"column":2},"end":{"line":89,"column":15}},"loc":{"start":{"line":91,"column":39},"end":{"line":94,"column":3}}},"11":{"name":"(anonymous_15)","decl":{"start":{"line":98,"column":2},"end":{"line":98,"column":15}},"loc":{"start":{"line":100,"column":39},"end":{"line":103,"column":3}}},"12":{"name":"(anonymous_16)","decl":{"start":{"line":107,"column":2},"end":{"line":107,"column":16}},"loc":{"start":{"line":107,"column":52},"end":{"line":109,"column":3}}},"13":{"name":"(anonymous_17)","decl":{"start":{"line":113,"column":2},"end":{"line":113,"column":23}},"loc":{"start":{"line":113,"column":59},"end":{"line":115,"column":3}}},"14":{"name":"(anonymous_18)","decl":{"start":{"line":119,"column":2},"end":{"line":119,"column":26}},"loc":{"start":{"line":121,"column":39},"end":{"line":124,"column":3}}},"15":{"name":"(anonymous_19)","decl":{"start":{"line":128,"column":2},"end":{"line":128,"column":25}},"loc":{"start":{"line":128,"column":61},"end":{"line":130,"column":3}}},"16":{"name":"(anonymous_20)","decl":{"start":{"line":134,"column":2},"end":{"line":134,"column":18}},"loc":{"start":{"line":139,"column":39},"end":{"line":142,"column":3}}},"17":{"name":"(anonymous_21)","decl":{"start":{"line":148,"column":8},"end":{"line":148,"column":15}},"loc":{"start":{"line":148,"column":43},"end":{"line":152,"column":3}}},"18":{"name":"(anonymous_22)","decl":{"start":{"line":156,"column":2},"end":{"line":156,"column":18}},"loc":{"start":{"line":158,"column":58},"end":{"line":161,"column":3}}}},"branchMap":{"0":{"loc":{"start":{"line":23,"column":46},"end":{"line":23,"column":63}},"type":"binary-expr","locations":[{"start":{"line":23,"column":46},"end":{"line":23,"column":50}},{"start":{"line":23,"column":54},"end":{"line":23,"column":63}}]},"1":{"loc":{"start":{"line":23,"column":65},"end":{"line":23,"column":90}},"type":"cond-expr","locations":[{"start":{"line":23,"column":73},"end":{"line":23,"column":86}},{"start":{"line":23,"column":89},"end":{"line":23,"column":90}}]},"2":{"loc":{"start":{"line":33,"column":44},"end":{"line":33,"column":61}},"type":"binary-expr","locations":[{"start":{"line":33,"column":44},"end":{"line":33,"column":48}},{"start":{"line":33,"column":52},"end":{"line":33,"column":61}}]},"3":{"loc":{"start":{"line":33,"column":73},"end":{"line":33,"column":98}},"type":"cond-expr","locations":[{"start":{"line":33,"column":81},"end":{"line":33,"column":94}},{"start":{"line":33,"column":97},"end":{"line":33,"column":98}}]},"4":{"loc":{"start":{"line":150,"column":4},"end":{"line":150,"column":null}},"type":"if","locations":[{"start":{"line":150,"column":4},"end":{"line":150,"column":null}},{"start":{},"end":{}}]}},"s":{"0":0,"1":0,"2":0,"3":0,"4":0,"5":0,"6":0,"7":0,"8":0,"9":0,"10":0,"11":0,"12":0,"13":0,"14":0,"15":0,"16":0,"17":0,"18":0,"19":0,"20":0,"21":0,"22":0,"23":0,"24":0,"25":0,"26":0,"27":0,"28":0,"29":0,"30":0,"31":0,"32":0,"33":0,"34":0,"35":0,"36":0,"37":0,"38":0,"39":0,"40":0,"41":0,"42":0,"43":0,"44":0,"45":0,"46":0,"47":0,"48":0},"f":{"0":0,"1":0,"2":0,"3":0,"4":0,"5":0,"6":0,"7":0,"8":0,"9":0,"10":0,"11":0,"12":0,"13":0,"14":0,"15":0,"16":0,"17":0,"18":0},"b":{"0":[0,0],"1":[0,0],"2":[0,0],"3":[0,0],"4":[0,0]}}
,"/home/kadso05/projets/laplasse/apps/api/src/merchants/merchants.service.ts": {"path":"/home/kadso05/projets/laplasse/apps/api/src/merchants/merchants.service.ts","statementMap":{"0":{"start":{"line":1,"column":0},"end":{"line":1,"column":83}},"1":{"start":{"line":2,"column":0},"end":{"line":2,"column":56}},"2":{"start":{"line":3,"column":0},"end":{"line":3,"column":47}},"3":{"start":{"line":6,"column":31},"end":{"line":39,"column":null}},"4":{"start":{"line":42,"column":7},"end":{"line":490,"column":null}},"5":{"start":{"line":44,"column":21},"end":{"line":44,"column":29}},"6":{"start":{"line":45,"column":21},"end":{"line":45,"column":26}},"7":{"start":{"line":49,"column":18},"end":{"line":60,"column":null}},"8":{"start":{"line":62,"column":31},"end":{"line":71,"column":6}},"9":{"start":{"line":73,"column":4},"end":{"line":80,"column":null}},"10":{"start":{"line":84,"column":22},"end":{"line":93,"column":6}},"11":{"start":{"line":94,"column":4},"end":{"line":94,"column":null}},"12":{"start":{"line":98,"column":22},"end":{"line":109,"column":6}},"13":{"start":{"line":110,"column":4},"end":{"line":110,"column":null}},"14":{"start":{"line":114,"column":21},"end":{"line":137,"column":6}},"15":{"start":{"line":139,"column":4},"end":{"line":139,"column":null}},"16":{"start":{"line":139,"column":19},"end":{"line":139,"column":null}},"17":{"start":{"line":141,"column":20},"end":{"line":141,"column":55}},"18":{"start":{"line":141,"column":46},"end":{"line":141,"column":54}},"19":{"start":{"line":142,"column":22},"end":{"line":144,"column":12}},"20":{"start":{"line":143,"column":45},"end":{"line":143,"column":50}},"21":{"start":{"line":146,"column":4},"end":{"line":152,"column":null}},"22":{"start":{"line":156,"column":24},"end":{"line":159,"column":null}},"23":{"start":{"line":160,"column":4},"end":{"line":160,"column":48}},"24":{"start":{"line":160,"column":42},"end":{"line":160,"column":48}},"25":{"start":{"line":162,"column":4},"end":{"line":168,"column":null}},"26":{"start":{"line":178,"column":21},"end":{"line":178,"column":90}},"27":{"start":{"line":179,"column":4},"end":{"line":181,"column":5}},"28":{"start":{"line":180,"column":6},"end":{"line":180,"column":null}},"29":{"start":{"line":183,"column":21},"end":{"line":183,"column":99}},"30":{"start":{"line":184,"column":4},"end":{"line":184,"column":null}},"31":{"start":{"line":184,"column":19},"end":{"line":184,"column":null}},"32":{"start":{"line":186,"column":17},"end":{"line":191,"column":37}},"33":{"start":{"line":193,"column":21},"end":{"line":217,"column":6}},"34":{"start":{"line":220,"column":4},"end":{"line":223,"column":null}},"35":{"start":{"line":225,"column":4},"end":{"line":225,"column":null}},"36":{"start":{"line":229,"column":21},"end":{"line":236,"column":6}},"37":{"start":{"line":237,"column":4},"end":{"line":237,"column":null}},"38":{"start":{"line":237,"column":19},"end":{"line":237,"column":null}},"39":{"start":{"line":238,"column":4},"end":{"line":238,"column":null}},"40":{"start":{"line":242,"column":21},"end":{"line":242,"column":90}},"41":{"start":{"line":243,"column":4},"end":{"line":243,"column":null}},"42":{"start":{"line":243,"column":19},"end":{"line":243,"column":null}},"43":{"start":{"line":245,"column":18},"end":{"line":249,"column":6}},"44":{"start":{"line":250,"column":4},"end":{"line":250,"column":null}},"45":{"start":{"line":257,"column":21},"end":{"line":257,"column":90}},"46":{"start":{"line":258,"column":4},"end":{"line":258,"column":null}},"47":{"start":{"line":258,"column":19},"end":{"line":258,"column":null}},"48":{"start":{"line":260,"column":4},"end":{"line":271,"column":null}},"49":{"start":{"line":263,"column":30},"end":{"line":269,"column":10}},"50":{"start":{"line":273,"column":4},"end":{"line":273,"column":null}},"51":{"start":{"line":277,"column":21},"end":{"line":280,"column":6}},"52":{"start":{"line":281,"column":4},"end":{"line":281,"column":null}},"53":{"start":{"line":281,"column":19},"end":{"line":281,"column":null}},"54":{"start":{"line":283,"column":18},"end":{"line":287,"column":6}},"55":{"start":{"line":289,"column":4},"end":{"line":289,"column":null}},"56":{"start":{"line":296,"column":21},"end":{"line":296,"column":90}},"57":{"start":{"line":297,"column":4},"end":{"line":297,"column":null}},"58":{"start":{"line":297,"column":19},"end":{"line":297,"column":null}},"59":{"start":{"line":299,"column":18},"end":{"line":299,"column":96}},"60":{"start":{"line":301,"column":4},"end":{"line":310,"column":null}},"61":{"start":{"line":314,"column":21},"end":{"line":314,"column":90}},"62":{"start":{"line":315,"column":4},"end":{"line":315,"column":null}},"63":{"start":{"line":315,"column":19},"end":{"line":315,"column":null}},"64":{"start":{"line":317,"column":18},"end":{"line":319,"column":6}},"65":{"start":{"line":320,"column":4},"end":{"line":320,"column":null}},"66":{"start":{"line":320,"column":16},"end":{"line":320,"column":null}},"67":{"start":{"line":322,"column":4},"end":{"line":322,"column":null}},"68":{"start":{"line":323,"column":4},"end":{"line":323,"column":null}},"69":{"start":{"line":327,"column":21},"end":{"line":327,"column":90}},"70":{"start":{"line":328,"column":4},"end":{"line":328,"column":null}},"71":{"start":{"line":328,"column":19},"end":{"line":328,"column":null}},"72":{"start":{"line":330,"column":4},"end":{"line":334,"column":null}},"73":{"start":{"line":338,"column":21},"end":{"line":341,"column":6}},"74":{"start":{"line":342,"column":4},"end":{"line":342,"column":null}},"75":{"start":{"line":342,"column":19},"end":{"line":342,"column":null}},"76":{"start":{"line":344,"column":18},"end":{"line":344,"column":53}},"77":{"start":{"line":345,"column":4},"end":{"line":345,"column":null}},"78":{"start":{"line":345,"column":16},"end":{"line":345,"column":null}},"79":{"start":{"line":347,"column":19},"end":{"line":347,"column":64}},"80":{"start":{"line":348,"column":4},"end":{"line":348,"column":null}},"81":{"start":{"line":352,"column":21},"end":{"line":355,"column":6}},"82":{"start":{"line":356,"column":4},"end":{"line":356,"column":null}},"83":{"start":{"line":356,"column":19},"end":{"line":356,"column":null}},"84":{"start":{"line":358,"column":18},"end":{"line":358,"column":53}},"85":{"start":{"line":359,"column":4},"end":{"line":359,"column":null}},"86":{"start":{"line":359,"column":16},"end":{"line":359,"column":null}},"87":{"start":{"line":361,"column":18},"end":{"line":361,"column":71}},"88":{"start":{"line":362,"column":4},"end":{"line":362,"column":null}},"89":{"start":{"line":362,"column":16},"end":{"line":362,"column":null}},"90":{"start":{"line":364,"column":4},"end":{"line":377,"column":null}},"91":{"start":{"line":379,"column":4},"end":{"line":379,"column":null}},"92":{"start":{"line":383,"column":21},"end":{"line":393,"column":6}},"93":{"start":{"line":394,"column":4},"end":{"line":394,"column":null}},"94":{"start":{"line":394,"column":19},"end":{"line":394,"column":null}},"95":{"start":{"line":396,"column":4},"end":{"line":399,"column":null}},"96":{"start":{"line":403,"column":21},"end":{"line":403,"column":90}},"97":{"start":{"line":404,"column":4},"end":{"line":404,"column":null}},"98":{"start":{"line":404,"column":19},"end":{"line":404,"column":null}},"99":{"start":{"line":406,"column":56},"end":{"line":418,"column":6}},"100":{"start":{"line":420,"column":18},"end":{"line":420,"column":89}},"101":{"start":{"line":420,"column":41},"end":{"line":420,"column":64}},"102":{"start":{"line":421,"column":27},"end":{"line":421,"column":108}},"103":{"start":{"line":421,"column":50},"end":{"line":421,"column":83}},"104":{"start":{"line":422,"column":23},"end":{"line":422,"column":100}},"105":{"start":{"line":422,"column":46},"end":{"line":422,"column":75}},"106":{"start":{"line":424,"column":4},"end":{"line":439,"column":null}},"107":{"start":{"line":435,"column":43},"end":{"line":438,"column":8}},"108":{"start":{"line":451,"column":21},"end":{"line":451,"column":90}},"109":{"start":{"line":452,"column":4},"end":{"line":452,"column":null}},"110":{"start":{"line":452,"column":19},"end":{"line":452,"column":null}},"111":{"start":{"line":454,"column":51},"end":{"line":454,"column":55}},"112":{"start":{"line":456,"column":20},"end":{"line":475,"column":6}},"113":{"start":{"line":476,"column":4},"end":{"line":476,"column":null}},"114":{"start":{"line":480,"column":18},"end":{"line":480,"column":101}},"115":{"start":{"line":480,"column":84},"end":{"line":480,"column":94}},"116":{"start":{"line":481,"column":18},"end":{"line":481,"column":82}},"117":{"start":{"line":482,"column":4},"end":{"line":488,"column":null}},"118":{"start":{"line":42,"column":13},"end":{"line":42,"column":29}},"119":{"start":{"line":42,"column":13},"end":{"line":490,"column":null}}},"fnMap":{"0":{"name":"(anonymous_2)","decl":{"start":{"line":43,"column":2},"end":{"line":43,"column":null}},"loc":{"start":{"line":45,"column":36},"end":{"line":46,"column":6}}},"1":{"name":"(anonymous_3)","decl":{"start":{"line":48,"column":2},"end":{"line":48,"column":7}},"loc":{"start":{"line":48,"column":40},"end":{"line":81,"column":3}}},"2":{"name":"(anonymous_4)","decl":{"start":{"line":83,"column":2},"end":{"line":83,"column":7}},"loc":{"start":{"line":83,"column":48},"end":{"line":95,"column":3}}},"3":{"name":"(anonymous_5)","decl":{"start":{"line":97,"column":2},"end":{"line":97,"column":7}},"loc":{"start":{"line":97,"column":65},"end":{"line":111,"column":3}}},"4":{"name":"(anonymous_6)","decl":{"start":{"line":113,"column":2},"end":{"line":113,"column":7}},"loc":{"start":{"line":113,"column":31},"end":{"line":153,"column":3}}},"5":{"name":"(anonymous_7)","decl":{"start":{"line":141,"column":41},"end":{"line":141,"column":42}},"loc":{"start":{"line":141,"column":46},"end":{"line":141,"column":54}}},"6":{"name":"(anonymous_8)","decl":{"start":{"line":143,"column":35},"end":{"line":143,"column":36}},"loc":{"start":{"line":143,"column":45},"end":{"line":143,"column":50}}},"7":{"name":"(anonymous_9)","decl":{"start":{"line":155,"column":2},"end":{"line":155,"column":7}},"loc":{"start":{"line":155,"column":79},"end":{"line":169,"column":3}}},"8":{"name":"(anonymous_10)","decl":{"start":{"line":171,"column":2},"end":{"line":171,"column":7}},"loc":{"start":{"line":176,"column":18},"end":{"line":226,"column":3}}},"9":{"name":"(anonymous_11)","decl":{"start":{"line":228,"column":2},"end":{"line":228,"column":7}},"loc":{"start":{"line":228,"column":31},"end":{"line":239,"column":3}}},"10":{"name":"(anonymous_12)","decl":{"start":{"line":241,"column":2},"end":{"line":241,"column":7}},"loc":{"start":{"line":241,"column":33},"end":{"line":251,"column":3}}},"11":{"name":"(anonymous_13)","decl":{"start":{"line":253,"column":2},"end":{"line":253,"column":7}},"loc":{"start":{"line":255,"column":18},"end":{"line":274,"column":3}}},"12":{"name":"(anonymous_14)","decl":{"start":{"line":263,"column":24},"end":{"line":263,"column":25}},"loc":{"start":{"line":263,"column":30},"end":{"line":269,"column":10}}},"13":{"name":"(anonymous_15)","decl":{"start":{"line":276,"column":2},"end":{"line":276,"column":7}},"loc":{"start":{"line":276,"column":33},"end":{"line":290,"column":3}}},"14":{"name":"(anonymous_16)","decl":{"start":{"line":292,"column":2},"end":{"line":292,"column":7}},"loc":{"start":{"line":294,"column":18},"end":{"line":311,"column":3}}},"15":{"name":"(anonymous_17)","decl":{"start":{"line":313,"column":2},"end":{"line":313,"column":7}},"loc":{"start":{"line":313,"column":53},"end":{"line":324,"column":3}}},"16":{"name":"(anonymous_18)","decl":{"start":{"line":326,"column":2},"end":{"line":326,"column":7}},"loc":{"start":{"line":326,"column":82},"end":{"line":335,"column":3}}},"17":{"name":"(anonymous_19)","decl":{"start":{"line":337,"column":2},"end":{"line":337,"column":7}},"loc":{"start":{"line":337,"column":44},"end":{"line":349,"column":3}}},"18":{"name":"(anonymous_20)","decl":{"start":{"line":351,"column":2},"end":{"line":351,"column":7}},"loc":{"start":{"line":351,"column":61},"end":{"line":380,"column":3}}},"19":{"name":"(anonymous_21)","decl":{"start":{"line":382,"column":2},"end":{"line":382,"column":7}},"loc":{"start":{"line":382,"column":49},"end":{"line":400,"column":3}}},"20":{"name":"(anonymous_22)","decl":{"start":{"line":402,"column":2},"end":{"line":402,"column":7}},"loc":{"start":{"line":402,"column":37},"end":{"line":440,"column":3}}},"21":{"name":"(anonymous_23)","decl":{"start":{"line":420,"column":36},"end":{"line":420,"column":37}},"loc":{"start":{"line":420,"column":41},"end":{"line":420,"column":64}}},"22":{"name":"(anonymous_24)","decl":{"start":{"line":421,"column":45},"end":{"line":421,"column":46}},"loc":{"start":{"line":421,"column":50},"end":{"line":421,"column":83}}},"23":{"name":"(anonymous_25)","decl":{"start":{"line":422,"column":41},"end":{"line":422,"column":42}},"loc":{"start":{"line":422,"column":46},"end":{"line":422,"column":75}}},"24":{"name":"(anonymous_26)","decl":{"start":{"line":435,"column":37},"end":{"line":435,"column":38}},"loc":{"start":{"line":435,"column":43},"end":{"line":438,"column":8}}},"25":{"name":"(anonymous_27)","decl":{"start":{"line":442,"column":2},"end":{"line":442,"column":7}},"loc":{"start":{"line":449,"column":18},"end":{"line":477,"column":3}}},"26":{"name":"(anonymous_28)","decl":{"start":{"line":479,"column":10},"end":{"line":479,"column":24}},"loc":{"start":{"line":479,"column":51},"end":{"line":489,"column":3}}},"27":{"name":"(anonymous_29)","decl":{"start":{"line":480,"column":79},"end":{"line":480,"column":80}},"loc":{"start":{"line":480,"column":84},"end":{"line":480,"column":94}}}},"branchMap":{"0":{"loc":{"start":{"line":51,"column":10},"end":{"line":53,"column":8}},"type":"binary-expr","locations":[{"start":{"line":51,"column":10},"end":{"line":51,"column":20}},{"start":{"line":51,"column":24},"end":{"line":53,"column":8}}]},"1":{"loc":{"start":{"line":54,"column":10},"end":{"line":56,"column":8}},"type":"binary-expr","locations":[{"start":{"line":54,"column":10},"end":{"line":54,"column":24}},{"start":{"line":54,"column":28},"end":{"line":56,"column":8}}]},"2":{"loc":{"start":{"line":57,"column":10},"end":{"line":59,"column":8}},"type":"binary-expr","locations":[{"start":{"line":57,"column":10},"end":{"line":57,"column":24}},{"start":{"line":57,"column":28},"end":{"line":59,"column":8}}]},"3":{"loc":{"start":{"line":66,"column":20},"end":{"line":66,"column":47}},"type":"binary-expr","locations":[{"start":{"line":66,"column":20},"end":{"line":66,"column":30}},{"start":{"line":66,"column":34},"end":{"line":66,"column":47}}]},"4":{"loc":{"start":{"line":67,"column":14},"end":{"line":67,"column":31}},"type":"binary-expr","locations":[{"start":{"line":67,"column":14},"end":{"line":67,"column":25}},{"start":{"line":67,"column":29},"end":{"line":67,"column":31}}]},"5":{"loc":{"start":{"line":68,"column":14},"end":{"line":68,"column":31}},"type":"binary-expr","locations":[{"start":{"line":68,"column":14},"end":{"line":68,"column":26}},{"start":{"line":68,"column":30},"end":{"line":68,"column":31}}]},"6":{"loc":{"start":{"line":77,"column":15},"end":{"line":77,"column":32}},"type":"binary-expr","locations":[{"start":{"line":77,"column":15},"end":{"line":77,"column":26}},{"start":{"line":77,"column":30},"end":{"line":77,"column":32}}]},"7":{"loc":{"start":{"line":78,"column":16},"end":{"line":78,"column":33}},"type":"binary-expr","locations":[{"start":{"line":78,"column":16},"end":{"line":78,"column":28}},{"start":{"line":78,"column":32},"end":{"line":78,"column":33}}]},"8":{"loc":{"start":{"line":83,"column":21},"end":{"line":83,"column":37}},"type":"default-arg","locations":[{"start":{"line":83,"column":28},"end":{"line":83,"column":37}}]},"9":{"loc":{"start":{"line":83,"column":39},"end":{"line":83,"column":48}},"type":"default-arg","locations":[{"start":{"line":83,"column":47},"end":{"line":83,"column":48}}]},"10":{"loc":{"start":{"line":97,"column":19},"end":{"line":97,"column":35}},"type":"default-arg","locations":[{"start":{"line":97,"column":26},"end":{"line":97,"column":35}}]},"11":{"loc":{"start":{"line":97,"column":56},"end":{"line":97,"column":65}},"type":"default-arg","locations":[{"start":{"line":97,"column":64},"end":{"line":97,"column":65}}]},"12":{"loc":{"start":{"line":103,"column":14},"end":{"line":103,"column":83}},"type":"binary-expr","locations":[{"start":{"line":103,"column":14},"end":{"line":103,"column":22}},{"start":{"line":103,"column":26},"end":{"line":103,"column":83}}]},"13":{"loc":{"start":{"line":139,"column":4},"end":{"line":139,"column":null}},"type":"if","locations":[{"start":{"line":139,"column":4},"end":{"line":139,"column":null}},{"start":{},"end":{}}]},"14":{"loc":{"start":{"line":142,"column":22},"end":{"line":144,"column":12}},"type":"cond-expr","locations":[{"start":{"line":143,"column":8},"end":{"line":143,"column":83}},{"start":{"line":144,"column":8},"end":{"line":144,"column":12}}]},"15":{"loc":{"start":{"line":160,"column":4},"end":{"line":160,"column":48}},"type":"if","locations":[{"start":{"line":160,"column":4},"end":{"line":160,"column":48}},{"start":{},"end":{}}]},"16":{"loc":{"start":{"line":165,"column":17},"end":{"line":165,"column":31}},"type":"binary-expr","locations":[{"start":{"line":165,"column":17},"end":{"line":165,"column":23}},{"start":{"line":165,"column":27},"end":{"line":165,"column":31}}]},"17":{"loc":{"start":{"line":179,"column":4},"end":{"line":181,"column":5}},"type":"if","locations":[{"start":{"line":179,"column":4},"end":{"line":181,"column":5}},{"start":{},"end":{}}]},"18":{"loc":{"start":{"line":184,"column":4},"end":{"line":184,"column":null}},"type":"if","locations":[{"start":{"line":184,"column":4},"end":{"line":184,"column":null}},{"start":{},"end":{}}]},"19":{"loc":{"start":{"line":197,"column":21},"end":{"line":197,"column":45}},"type":"binary-expr","locations":[{"start":{"line":197,"column":21},"end":{"line":197,"column":37}},{"start":{"line":197,"column":41},"end":{"line":197,"column":45}}]},"20":{"loc":{"start":{"line":198,"column":15},"end":{"line":198,"column":33}},"type":"binary-expr","locations":[{"start":{"line":198,"column":15},"end":{"line":198,"column":25}},{"start":{"line":198,"column":29},"end":{"line":198,"column":33}}]},"21":{"loc":{"start":{"line":199,"column":18},"end":{"line":199,"column":39}},"type":"binary-expr","locations":[{"start":{"line":199,"column":18},"end":{"line":199,"column":31}},{"start":{"line":199,"column":35},"end":{"line":199,"column":39}}]},"22":{"loc":{"start":{"line":204,"column":18},"end":{"line":211,"column":21}},"type":"cond-expr","locations":[{"start":{"line":204,"column":34},"end":{"line":211,"column":10}},{"start":{"line":211,"column":12},"end":{"line":211,"column":21}}]},"23":{"loc":{"start":{"line":206,"column":18},"end":{"line":206,"column":40}},"type":"binary-expr","locations":[{"start":{"line":206,"column":18},"end":{"line":206,"column":27}},{"start":{"line":206,"column":31},"end":{"line":206,"column":40}}]},"24":{"loc":{"start":{"line":209,"column":21},"end":{"line":209,"column":41}},"type":"binary-expr","locations":[{"start":{"line":209,"column":21},"end":{"line":209,"column":33}},{"start":{"line":209,"column":37},"end":{"line":209,"column":41}}]},"25":{"loc":{"start":{"line":237,"column":4},"end":{"line":237,"column":null}},"type":"if","locations":[{"start":{"line":237,"column":4},"end":{"line":237,"column":null}},{"start":{},"end":{}}]},"26":{"loc":{"start":{"line":243,"column":4},"end":{"line":243,"column":null}},"type":"if","locations":[{"start":{"line":243,"column":4},"end":{"line":243,"column":null}},{"start":{},"end":{}}]},"27":{"loc":{"start":{"line":258,"column":4},"end":{"line":258,"column":null}},"type":"if","locations":[{"start":{"line":258,"column":4},"end":{"line":258,"column":null}},{"start":{},"end":{}}]},"28":{"loc":{"start":{"line":266,"column":21},"end":{"line":266,"column":63}},"type":"cond-expr","locations":[{"start":{"line":266,"column":35},"end":{"line":266,"column":39}},{"start":{"line":266,"column":43},"end":{"line":266,"column":62}}]},"29":{"loc":{"start":{"line":266,"column":43},"end":{"line":266,"column":62}},"type":"binary-expr","locations":[{"start":{"line":266,"column":43},"end":{"line":266,"column":54}},{"start":{"line":266,"column":58},"end":{"line":266,"column":62}}]},"30":{"loc":{"start":{"line":267,"column":22},"end":{"line":267,"column":65}},"type":"cond-expr","locations":[{"start":{"line":267,"column":36},"end":{"line":267,"column":40}},{"start":{"line":267,"column":44},"end":{"line":267,"column":64}}]},"31":{"loc":{"start":{"line":267,"column":44},"end":{"line":267,"column":64}},"type":"binary-expr","locations":[{"start":{"line":267,"column":44},"end":{"line":267,"column":56}},{"start":{"line":267,"column":60},"end":{"line":267,"column":64}}]},"32":{"loc":{"start":{"line":268,"column":21},"end":{"line":268,"column":41}},"type":"binary-expr","locations":[{"start":{"line":268,"column":21},"end":{"line":268,"column":32}},{"start":{"line":268,"column":36},"end":{"line":268,"column":41}}]},"33":{"loc":{"start":{"line":281,"column":4},"end":{"line":281,"column":null}},"type":"if","locations":[{"start":{"line":281,"column":4},"end":{"line":281,"column":null}},{"start":{},"end":{}}]},"34":{"loc":{"start":{"line":297,"column":4},"end":{"line":297,"column":null}},"type":"if","locations":[{"start":{"line":297,"column":4},"end":{"line":297,"column":null}},{"start":{},"end":{}}]},"35":{"loc":{"start":{"line":305,"column":15},"end":{"line":305,"column":35}},"type":"binary-expr","locations":[{"start":{"line":305,"column":15},"end":{"line":305,"column":24}},{"start":{"line":305,"column":28},"end":{"line":305,"column":35}}]},"36":{"loc":{"start":{"line":306,"column":15},"end":{"line":306,"column":34}},"type":"binary-expr","locations":[{"start":{"line":306,"column":15},"end":{"line":306,"column":25}},{"start":{"line":306,"column":29},"end":{"line":306,"column":34}}]},"37":{"loc":{"start":{"line":315,"column":4},"end":{"line":315,"column":null}},"type":"if","locations":[{"start":{"line":315,"column":4},"end":{"line":315,"column":null}},{"start":{},"end":{}}]},"38":{"loc":{"start":{"line":320,"column":4},"end":{"line":320,"column":null}},"type":"if","locations":[{"start":{"line":320,"column":4},"end":{"line":320,"column":null}},{"start":{},"end":{}}]},"39":{"loc":{"start":{"line":328,"column":4},"end":{"line":328,"column":null}},"type":"if","locations":[{"start":{"line":328,"column":4},"end":{"line":328,"column":null}},{"start":{},"end":{}}]},"40":{"loc":{"start":{"line":342,"column":4},"end":{"line":342,"column":null}},"type":"if","locations":[{"start":{"line":342,"column":4},"end":{"line":342,"column":null}},{"start":{},"end":{}}]},"41":{"loc":{"start":{"line":344,"column":18},"end":{"line":344,"column":53}},"type":"binary-expr","locations":[{"start":{"line":344,"column":18},"end":{"line":344,"column":35}},{"start":{"line":344,"column":39},"end":{"line":344,"column":53}}]},"42":{"loc":{"start":{"line":345,"column":4},"end":{"line":345,"column":null}},"type":"if","locations":[{"start":{"line":345,"column":4},"end":{"line":345,"column":null}},{"start":{},"end":{}}]},"43":{"loc":{"start":{"line":356,"column":4},"end":{"line":356,"column":null}},"type":"if","locations":[{"start":{"line":356,"column":4},"end":{"line":356,"column":null}},{"start":{},"end":{}}]},"44":{"loc":{"start":{"line":358,"column":18},"end":{"line":358,"column":53}},"type":"binary-expr","locations":[{"start":{"line":358,"column":18},"end":{"line":358,"column":35}},{"start":{"line":358,"column":39},"end":{"line":358,"column":53}}]},"45":{"loc":{"start":{"line":359,"column":4},"end":{"line":359,"column":null}},"type":"if","locations":[{"start":{"line":359,"column":4},"end":{"line":359,"column":null}},{"start":{},"end":{}}]},"46":{"loc":{"start":{"line":362,"column":4},"end":{"line":362,"column":null}},"type":"if","locations":[{"start":{"line":362,"column":4},"end":{"line":362,"column":null}},{"start":{},"end":{}}]},"47":{"loc":{"start":{"line":394,"column":4},"end":{"line":394,"column":null}},"type":"if","locations":[{"start":{"line":394,"column":4},"end":{"line":394,"column":null}},{"start":{},"end":{}}]},"48":{"loc":{"start":{"line":398,"column":19},"end":{"line":398,"column":65}},"type":"binary-expr","locations":[{"start":{"line":398,"column":19},"end":{"line":398,"column":57}},{"start":{"line":398,"column":61},"end":{"line":398,"column":65}}]},"49":{"loc":{"start":{"line":404,"column":4},"end":{"line":404,"column":null}},"type":"if","locations":[{"start":{"line":404,"column":4},"end":{"line":404,"column":null}},{"start":{},"end":{}}]},"50":{"loc":{"start":{"line":420,"column":18},"end":{"line":420,"column":89}},"type":"binary-expr","locations":[{"start":{"line":420,"column":18},"end":{"line":420,"column":84}},{"start":{"line":420,"column":88},"end":{"line":420,"column":89}}]},"51":{"loc":{"start":{"line":421,"column":27},"end":{"line":421,"column":108}},"type":"binary-expr","locations":[{"start":{"line":421,"column":27},"end":{"line":421,"column":103}},{"start":{"line":421,"column":107},"end":{"line":421,"column":108}}]},"52":{"loc":{"start":{"line":422,"column":23},"end":{"line":422,"column":100}},"type":"binary-expr","locations":[{"start":{"line":422,"column":23},"end":{"line":422,"column":95}},{"start":{"line":422,"column":99},"end":{"line":422,"column":100}}]},"53":{"loc":{"start":{"line":431,"column":20},"end":{"line":433,"column":16}},"type":"cond-expr","locations":[{"start":{"line":432,"column":12},"end":{"line":432,"column":57}},{"start":{"line":433,"column":12},"end":{"line":433,"column":16}}]},"54":{"loc":{"start":{"line":452,"column":4},"end":{"line":452,"column":null}},"type":"if","locations":[{"start":{"line":452,"column":4},"end":{"line":452,"column":null}},{"start":{},"end":{}}]},"55":{"loc":{"start":{"line":460,"column":12},"end":{"line":467,"column":14}},"type":"cond-expr","locations":[{"start":{"line":460,"column":34},"end":{"line":467,"column":10}},{"start":{"line":467,"column":12},"end":{"line":467,"column":14}}]},"56":{"loc":{"start":{"line":460,"column":12},"end":{"line":460,"column":31}},"type":"binary-expr","locations":[{"start":{"line":460,"column":12},"end":{"line":460,"column":20}},{"start":{"line":460,"column":24},"end":{"line":460,"column":31}}]},"57":{"loc":{"start":{"line":463,"column":66},"end":{"line":463,"column":82}},"type":"binary-expr","locations":[{"start":{"line":463,"column":66},"end":{"line":463,"column":74}},{"start":{"line":463,"column":78},"end":{"line":463,"column":82}}]},"58":{"loc":{"start":{"line":463,"column":93},"end":{"line":463,"column":108}},"type":"binary-expr","locations":[{"start":{"line":463,"column":93},"end":{"line":463,"column":100}},{"start":{"line":463,"column":104},"end":{"line":463,"column":108}}]},"59":{"loc":{"start":{"line":464,"column":34},"end":{"line":464,"column":55}},"type":"binary-expr","locations":[{"start":{"line":464,"column":34},"end":{"line":464,"column":42}},{"start":{"line":464,"column":46},"end":{"line":464,"column":55}}]},"60":{"loc":{"start":{"line":464,"column":66},"end":{"line":464,"column":86}},"type":"binary-expr","locations":[{"start":{"line":464,"column":66},"end":{"line":464,"column":73}},{"start":{"line":464,"column":77},"end":{"line":464,"column":86}}]},"61":{"loc":{"start":{"line":480,"column":18},"end":{"line":480,"column":101}},"type":"binary-expr","locations":[{"start":{"line":480,"column":18},"end":{"line":480,"column":95}},{"start":{"line":480,"column":99},"end":{"line":480,"column":101}}]},"62":{"loc":{"start":{"line":485,"column":20},"end":{"line":485,"column":39}},"type":"binary-expr","locations":[{"start":{"line":485,"column":20},"end":{"line":485,"column":34}},{"start":{"line":485,"column":38},"end":{"line":485,"column":39}}]},"63":{"loc":{"start":{"line":486,"column":23},"end":{"line":486,"column":44}},"type":"binary-expr","locations":[{"start":{"line":486,"column":23},"end":{"line":486,"column":39}},{"start":{"line":486,"column":43},"end":{"line":486,"column":44}}]}},"s":{"0":0,"1":0,"2":0,"3":0,"4":0,"5":0,"6":0,"7":0,"8":0,"9":0,"10":0,"11":0,"12":0,"13":0,"14":0,"15":0,"16":0,"17":0,"18":0,"19":0,"20":0,"21":0,"22":0,"23":0,"24":0,"25":0,"26":0,"27":0,"28":0,"29":0,"30":0,"31":0,"32":0,"33":0,"34":0,"35":0,"36":0,"37":0,"38":0,"39":0,"40":0,"41":0,"42":0,"43":0,"44":0,"45":0,"46":0,"47":0,"48":0,"49":0,"50":0,"51":0,"52":0,"53":0,"54":0,"55":0,"56":0,"57":0,"58":0,"59":0,"60":0,"61":0,"62":0,"63":0,"64":0,"65":0,"66":0,"67":0,"68":0,"69":0,"70":0,"71":0,"72":0,"73":0,"74":0,"75":0,"76":0,"77":0,"78":0,"79":0,"80":0,"81":0,"82":0,"83":0,"84":0,"85":0,"86":0,"87":0,"88":0,"89":0,"90":0,"91":0,"92":0,"93":0,"94":0,"95":0,"96":0,"97":0,"98":0,"99":0,"100":0,"101":0,"102":0,"103":0,"104":0
[...]
,"/home/kadso05/projets/laplasse/apps/api/src/search/search.controller.ts": {"path":"/home/kadso05/projets/laplasse/apps/api/src/search/search.controller.ts","statementMap":{"0":{"start":{"line":1,"column":0},"end":{"line":1,"column":55}},"1":{"start":{"line":2,"column":0},"end":{"line":2,"column":60}},"2":{"start":{"line":3,"column":0},"end":{"line":3,"column":48}},"3":{"start":{"line":7,"column":7},"end":{"line":35,"column":null}},"4":{"start":{"line":8,"column":31},"end":{"line":8,"column":46}},"5":{"start":{"line":19,"column":19},"end":{"line":26,"column":6}},"6":{"start":{"line":29,"column":4},"end":{"line":31,"column":5}},"7":{"start":{"line":30,"column":6},"end":{"line":30,"column":null}},"8":{"start":{"line":33,"column":4},"end":{"line":33,"column":null}},"9":{"start":{"line":7,"column":13},"end":{"line":7,"column":29}},"10":{"start":{"line":11,"column":8},"end":{"line":34,"column":null}},"11":{"start":{"line":7,"column":13},"end":{"line":35,"column":null}}},"fnMap":{"0":{"name":"(anonymous_4)","decl":{"start":{"line":8,"column":2},"end":{"line":8,"column":31}},"loc":{"start":{"line":8,"column":59},"end":{"line":8,"column":63}}},"1":{"name":"(anonymous_5)","decl":{"start":{"line":11,"column":8},"end":{"line":11,"column":14}},"loc":{"start":{"line":17,"column":36},"end":{"line":34,"column":3}}},"2":{"name":"(anonymous_6)","decl":{"start":{"line":30,"column":69},"end":{"line":30,"column":72}},"loc":{"start":{"line":30,"column":74},"end":{"line":30,"column":77}}}},"branchMap":{"0":{"loc":{"start":{"line":24,"column":13},"end":{"line":24,"column":39}},"type":"cond-expr","locations":[{"start":{"line":24,"column":21},"end":{"line":24,"column":34}},{"start":{"line":24,"column":37},"end":{"line":24,"column":39}}]},"1":{"loc":{"start":{"line":25,"column":14},"end":{"line":25,"column":41}},"type":"cond-expr","locations":[{"start":{"line":25,"column":23},"end":{"line":25,"column":37}},{"start":{"line":25,"column":40},"end":{"line":25,"column":41}}]},"2":{"loc":{"start":{"line":29,"column":4},"end":{"line":31,"column":5}},"type":"if","locations":[{"start":{"line":29,"column":4},"end":{"line":31,"column":5}},{"start":{},"end":{}}]}},"s":{"0":0,"1":0,"2":0,"3":0,"4":0,"5":0,"6":0,"7":0,"8":0,"9":0,"10":0,"11":0},"f":{"0":0,"1":0,"2":0},"b":{"0":[0,0],"1":[0,0],"2":[0,0]}}
,"/home/kadso05/projets/laplasse/apps/api/src/search/search.service.ts": {"path":"/home/kadso05/projets/laplasse/apps/api/src/search/search.service.ts","statementMap":{"0":{"start":{"line":1,"column":0},"end":{"line":1,"column":65}},"1":{"start":{"line":2,"column":0},"end":{"line":2,"column":46}},"2":{"start":{"line":3,"column":0},"end":{"line":3,"column":56}},"3":{"start":{"line":17,"column":26},"end":{"line":262,"column":null}},"4":{"start":{"line":18,"column":28},"end":{"line":18,"column":58}},"5":{"start":{"line":19,"column":32},"end":{"line":19,"column":43}},"6":{"start":{"line":24,"column":21},"end":{"line":24,"column":29}},"7":{"start":{"line":25,"column":21},"end":{"line":25,"column":29}},"8":{"start":{"line":27,"column":4},"end":{"line":27,"column":null}},"9":{"start":{"line":28,"column":4},"end":{"line":28,"column":null}},"10":{"start":{"line":32,"column":4},"end":{"line":32,"column":null}},"11":{"start":{"line":33,"column":4},"end":{"line":33,"column":null}},"12":{"start":{"line":43,"column":16},"end":{"line":50,"column":6}},"13":{"start":{"line":51,"column":4},"end":{"line":51,"column":null}},"14":{"start":{"line":51,"column":17},"end":{"line":51,"column":null}},"15":{"start":{"line":52,"column":4},"end":{"line":52,"column":null}},"16":{"start":{"line":58,"column":4},"end":{"line":78,"column":5}},"17":{"start":{"line":59,"column":6},"end":{"line":74,"column":null}},"18":{"start":{"line":75,"column":6},"end":{"line":75,"column":null}},"19":{"start":{"line":77,"column":6},"end":{"line":77,"column":null}},"20":{"start":{"line":84,"column":4},"end":{"line":127,"column":5}},"21":{"start":{"line":85,"column":24},"end":{"line":93,"column":8}},"22":{"start":{"line":95,"column":6},"end":{"line":95,"column":40}},"23":{"start":{"line":95,"column":34},"end":{"line":95,"column":40}},"24":{"start":{"line":97,"column":41},"end":{"line":121,"column":9}},"25":{"start":{"line":97,"column":61},"end":{"line":121,"column":8}},"26":{"start":{"line":118,"column":30},"end":{"line":118,"column":40}},"27":{"start":{"line":123,"column":6},"end":{"line":123,"column":null}},"28":{"start":{"line":124,"column":6},"end":{"line":124,"column":null}},"29":{"start":{"line":126,"column":6},"end":{"line":126,"column":null}},"30":{"start":{"line":131,"column":4},"end":{"line":165,"column":5}},"31":{"start":{"line":132,"column":16},"end":{"line":140,"column":8}},"32":{"start":{"line":141,"column":6},"end":{"line":141,"column":20}},"33":{"start":{"line":141,"column":14},"end":{"line":141,"column":20}},"34":{"start":{"line":143,"column":6},"end":{"line":162,"column":null}},"35":{"start":{"line":159,"column":30},"end":{"line":159,"column":40}},"36":{"start":{"line":164,"column":6},"end":{"line":164,"column":null}},"37":{"start":{"line":171,"column":73},"end":{"line":171,"column":80}},"38":{"start":{"line":173,"column":4},"end":{"line":212,"column":5}},"39":{"start":{"line":174,"column":26},"end":{"line":174,"column":46}},"40":{"start":{"line":175,"column":6},"end":{"line":175,"column":null}},"41":{"start":{"line":175,"column":20},"end":{"line":175,"column":null}},"42":{"start":{"line":176,"column":6},"end":{"line":176,"column":null}},"43":{"start":{"line":176,"column":16},"end":{"line":176,"column":null}},"44":{"start":{"line":177,"column":6},"end":{"line":177,"column":null}},"45":{"start":{"line":177,"column":20},"end":{"line":177,"column":null}},"46":{"start":{"line":179,"column":50},"end":{"line":188,"column":null}},"47":{"start":{"line":190,"column":21},"end":{"line":193,"column":null}},"48":{"start":{"line":200,"column":6},"end":{"line":209,"column":null}},"49":{"start":{"line":211,"column":6},"end":{"line":211,"column":null}},"50":{"start":{"line":216,"column":68},"end":{"line":216,"column":75}},"51":{"start":{"line":217,"column":22},"end":{"line":247,"column":6}},"52":{"start":{"line":249,"column":4},"end":{"line":252,"column":null}},"53":{"start":{"line":256,"column":4},"end":{"line":260,"column":34}},"54":{"start":{"line":257,"column":6},"end":{"line":259,"column":null}},"55":{"start":{"line":17,"column":13},"end":{"line":17,"column":26}},"56":{"start":{"line":17,"column":13},"end":{"line":262,"column":null}}},"fnMap":{"0":{"name":"(anonymous_2)","decl":{"start":{"line":23,"column":2},"end":{"line":23,"column":null}},"loc":{"start":{"line":25,"column":42},"end":{"line":29,"column":3}}},"1":{"name":"(anonymous_3)","decl":{"start":{"line":31,"column":2},"end":{"line":31,"column":7}},"loc":{"start":{"line":31,"column":20},"end":{"line":34,"column":3}}},"2":{"name":"(anonymous_4)","decl":{"start":{"line":38,"column":10},"end":{"line":38,"column":15}},"loc":{"start":{"line":41,"column":18},"end":{"line":53,"column":3}}},"3":{"name":"(anonymous_5)","decl":{"start":{"line":57,"column":10},"end":{"line":57,"column":15}},"loc":{"start":{"line":57,"column":27},"end":{"line":79,"column":3}}},"4":{"name":"(anonymous_6)","decl":{"start":{"line":83,"column":2},"end":{"line":83,"column":7}},"loc":{"start":{"line":83,"column":24},"end":{"line":128,"column":3}}},"5":{"name":"(anonymous_7)","decl":{"start":{"line":97,"column":55},"end":{"line":97,"column":56}},"loc":{"start":{"line":97,"column":61},"end":{"line":121,"column":8}}},"6":{"name":"(anonymous_8)","decl":{"start":{"line":118,"column":25},"end":{"line":118,"column":26}},"loc":{"start":{"line":118,"column":30},"end":{"line":118,"column":40}}},"7":{"name":"(anonymous_9)","decl":{"start":{"line":130,"column":2},"end":{"line":130,"column":7}},"loc":{"start":{"line":130,"column":39},"end":{"line":166,"column":3}}},"8":{"name":"(anonymous_10)","decl":{"start":{"line":159,"column":25},"end":{"line":159,"column":26}},"loc":{"start":{"line":159,"column":30},"end":{"line":159,"column":40}}},"9":{"name":"(anonymous_11)","decl":{"start":{"line":170,"column":2},"end":{"line":170,"column":7}},"loc":{"start":{"line":170,"column":37},"end":{"line":213,"column":3}}},"10":{"name":"(anonymous_12)","decl":{"start":{"line":215,"column":10},"end":{"line":215,"column":15}},"loc":{"start":{"line":215,"column":53},"end":{"line":253,"column":3}}},"11":{"name":"(anonymous_13)","decl":{"start":{"line":255,"column":2},"end":{"line":255,"column":7}},"loc":{"start":{"line":255,"column":81},"end":{"line":261,"column":3}}}},"branchMap":{"0":{"loc":{"start":{"line":27,"column":21},"end":{"line":27,"column":77}},"type":"binary-expr","locations":[{"start":{"line":27,"column":21},"end":{"line":27,"column":50}},{"start":{"line":27,"column":54},"end":{"line":27,"column":77}}]},"1":{"loc":{"start":{"line":28,"column":20},"end":{"line":28,"column":61}},"type":"binary-expr","locations":[{"start":{"line":28,"column":20},"end":{"line":28,"column":55}},{"start":{"line":28,"column":59},"end":{"line":28,"column":61}}]},"2":{"loc":{"start":{"line":49,"column":12},"end":{"line":49,"column":51}},"type":"cond-expr","locations":[{"start":{"line":49,"column":19},"end":{"line":49,"column":39}},{"start":{"line":49,"column":42},"end":{"line":49,"column":51}}]},"3":{"loc":{"start":{"line":51,"column":4},"end":{"line":51,"column":null}},"type":"if","locations":[{"start":{"line":51,"column":4},"end":{"line":51,"column":null}},{"start":{},"end":{}}]},"4":{"loc":{"start":{"line":95,"column":6},"end":{"line":95,"column":40}},"type":"if","locations":[{"start":{"line":95,"column":6},"end":{"line":95,"column":40}},{"start":{},"end":{}}]},"5":{"loc":{"start":{"line":101,"column":21},"end":{"line":101,"column":40}},"type":"binary-expr","locations":[{"start":{"line":101,"column":21},"end":{"line":101,"column":34}},{"start":{"line":101,"column":38},"end":{"line":101,"column":40}}]},"6":{"loc":{"start":{"line":102,"column":14},"end":{"line":102,"column":28}},"type":"binary-expr","locations":[{"start":{"line":102,"column":14},"end":{"line":102,"column":20}},{"start":{"line":102,"column":24},"end":{"line":102,"column":28}}]},"7":{"loc":{"start":{"line":103,"column":21},"end":{"line":103,"column":42}},"type":"binary-expr","locations":[{"start":{"line":103,"column":21},"end":{"line":103,"column":34}},{"start":{"line":103,"column":38},"end":{"line":103,"column":42}}]},"8":{"loc":{"start":{"line":104,"column":18},"end":{"line":104,"column":36}},"type":"binary-expr","locations":[{"start":{"line":104,"column":18},"end":{"line":104,"column":28}},{"start":{"line":104,"column":32},"end":{"line":104,"column":36}}]},"9":{"loc":{"start":{"line":112,"column":23},"end":{"line":112,"column":46}},"type":"binary-expr","locations":[{"start":{"line":112,"column":23},"end":{"line":112,"column":38}},{"start":{"line":112,"column":42},"end":{"line":112,"column":46}}]},"10":{"loc":{"start":{"line":113,"column":14},"end":{"line":113,"column":38}},"type":"binary-expr","locations":[{"start":{"line":113,"column":14},"end":{"line":113,"column":30}},{"start":{"line":113,"column":34},"end":{"line":113,"column":38}}]},"11":{"loc":{"start":{"line":114,"column":18},"end":{"line":114,"column":46}},"type":"binary-expr","locations":[{"start":{"line":114,"column":18},"end":{"line":114,"column":38}},{"start":{"line":114,"column":42},"end":{"line":114,"column":46}}]},"12":{"loc":{"start":{"line":115,"column":17},"end":{"line":115,"column":44}},"type":"binary-expr","locations":[{"start":{"line":115,"column":17},"end":{"line":115,"column":36}},{"start":{"line":115,"column":40},"end":{"line":115,"column":44}}]},"13":{"loc":{"start":{"line":116,"column":18},"end":{"line":116,"column":46}},"type":"binary-expr","locations":[{"start":{"line":116,"column":18},"end":{"line":116,"column":38}},{"start":{"line":116,"column":42},"end":{"line":116,"column":46}}]},"14":{"loc":{"start":{"line":117,"column":19},"end":{"line":117,"column":48}},"type":"binary-expr","locations":[{"start":{"line":117,"column":19},"end":{"line":117,"column":40}},{"start":{"line":117,"column":44},"end":{"line":117,"column":48}}]},"15":{"loc":{"start":{"line":141,"column":6},"end":{"line":141,"column":20}},"type":"if","locations":[{"start":{"line":141,"column":6},"end":{"line":141,"column":20}},{"start":{},"end":{}}]},"16":{"loc":{"start":{"line":147,"column":21},"end":{"line":147,"column":40}},"type":"binary-expr","locations":[{"start":{"line":147,"column":21},"end":{"line":147,"column":34}},{"start":{"line":147,"column":38},"end":{"line":147,"column":40}}]},"17":{"loc":{"start":{"line":148,"column":21},"end":{"line":148,"column":42}},"type":"binary-expr","locations":[{"start":{"line":148,"column":21},"end":{"line":148,"column":34}},{"start":{"line":148,"column":38},"end":{"line":148,"column":42}}]},"18":{"loc":{"start":{"line":149,"column":18},"end":{"line":149,"column":36}},"type":"binary-expr","locations":[{"start":{"line":149,"column":18},"end":{"line":149,"column":28}},{"start":{"line":149,"column":32},"end":{"line":149,"column":36}}]},"19":{"loc":{"start":{"line":156,"column":23},"end":{"line":156,"column":46}},"type":"binary-expr","locations":[{"start":{"line":156,"column":23},"end":{"line":156,"column":38}},{"start":{"line":156,"column":42},"end":{"line":156,"column":46}}]},"20":{"loc":{"start":{"line":157,"column":14},"end":{"line":157,"column":38}},"type":"binary-expr","locations":[{"start":{"line":157,"column":14},"end":{"line":157,"column":30}},{"start":{"line":157,"column":34},"end":{"line":157,"column":38}}]},"21":{"loc":{"start":{"line":158,"column":18},"end":{"line":158,"column":46}},"type":"binary-expr","locations":[{"start":{"line":158,"column":18},"end":{"line":158,"column":38}},{"start":{"line":158,"column":42},"end":{"line":158,"column":46}}]},"22":{"loc":{"start":{"line":171,"column":12},"end":{"line":171,"column":18}},"type":"default-arg","locations":[{"start":{"line":171,"column":16},"end":{"line":171,"column":18}}]},"23":{"loc":{"start":{"line":171,"column":46},"end":{"line":171,"column":56}},"type":"default-arg","locations":[{"start":{"line":171,"column":54},"end":{"line":171,"column":56}}]},"24":{"loc":{"start":{"line":171,"column":58},"end":{"line":171,"column":68}},"type":"default-arg","locations":[{"start":{"line":171,"column":67},"end":{"line":171,"column":68}}]},"25":{"loc":{"start":{"line":175,"column":6},"end":{"line":175,"column":null}},"type":"if","locations":[{"start":{"line":175,"column":6},"end":{"line":175,"column":null}},{"start":{},"end":{}}]},"26":{"loc":{"start":{"line":176,"column":6},"end":{"line":176,"column":null}},"type":"if","locations":[{"start":{"line":176,"column":6},"end":{"line":176,"column":null}},{"start":{},"end":{}}]},"27":{"loc":{"start":{"line":177,"column":6},"end":{"line":177,"column":null}},"type":"if","locations":[{"start":{"line":177,"column":6},"end":{"line":177,"column":null}},{"start":{},"end":{}}]},"28":{"loc":{"start":{"line":184,"column":14},"end":{"line":184,"column":50}},"type":"cond-expr","locations":[{"start":{"line":184,"column":18},"end":{"line":184,"column":27}},{"start":{"line":184,"column":30},"end":{"line":184,"column":50}}]},"29":{"loc":{"start":{"line":203,"column":17},"end":{"line":203,"column":64}},"type":"binary-expr","locations":[{"start":{"line":203,"column":17},"end":{"line":203,"column":42}},{"start":{"line":203,"column":46},"end":{"line":203,"column":64}}]},"30":{"loc":{"start":{"line":216,"column":41},"end":{"line":216,"column":51}},"type":"default-arg","locations":[{"start":{"line":216,"column":49},"end":{"line":216,"column":51}}]},"31":{"loc":{"start":{"line":216,"column":53},"end":{"line":216,"column":63}},"type":"default-arg","locations":[{"start":{"line":216,"column":62},"end":{"line":216,"column":63}}]},"32":{"loc":{"start":{"line":220,"column":12},"end":{"line":225,"column":10}},"type":"binary-expr","locations":[{"start":{"line":220,"column":12},"end":{"line":220,"column":13}},{"start":{"line":220,"column":17},"end":{"line":225,"column":10}}]},"33":{"loc":{"start":{"line":226,"column":12},"end":{"line":226,"column":56}},"type":"binary-expr","locations":[{"start":{"line":226,"column":12},"end":{"line":226,"column":20}},{"start":{"line":226,"column":24},"end":{"line":226,"column":56}}]},"34":{"loc":{"start":{"line":227,"column":12},"end":{"line":227,"column":81}},"type":"binary-expr","locations":[{"start":{"line":227,"column":12},"end":{"line":227,"column":16}},{"start":{"line":227,"column":20},"end":{"line":227,"column":81}}]},"35":{"loc":{"start":{"line":228,"column":12},"end":{"line":228,"column":95}},"type":"binary-expr","locations":[{"start":{"line":228,"column":12},"end":{"line":228,"column":20}},{"start":{"line":228,"column":24},"end":{"line":228,"column":95}}]},"36":{"loc":{"start":{"line":251,"column":46},"end":{"line":251,"column":53}},"type":"binary-expr","locations":[{"start":{"line":251,"column":46},"end":{"line":251,"column":47}},{"start":{"line":251,"column":51},"end":{"line":251,"column":53}}]},"37":{"loc":{"start":{"line":255,"column":48},"end":{"line":255,"column":64}},"type":"default-arg","locations":[{"start":{"line":255,"column":63},"end":{"line":255,"column":64}}]},"38":{"loc":{"start":{"line":258,"column":29},"end":{"line":258,"column":46}},"type":"binary-expr","locations":[{"start":{"line":258,"column":29},"end":{"line":258,"column":33}},{"start":{"line":258,"column":37},"end":{"line":258,"column":46}}]},"39":{"loc":{"start":{"line":258,"column":86},"end":{"line":258,"column":100}},"type":"binary-expr","locations":[{"start":{"line":258,"column":86},"end":{"line":258,"column":92}},{"start":{"line":258,"column":96},"end":{"line":258,"column":100}}]}},"s":{"0":1,"1":1,"2":1,"3":1,"4":3,"5":3,"6":3,"7":3,"8":3,"9":3,"10":0,"11":0,"12":2,"13":2,"14":1,"15":1,"16":0,"17":0,"18":0,"19":0,"20":0,"21":0,"22":0,"23":0,"24":0,"25":0,"26":0,"27":0,"28":0,"29":0,"30":0,"31":0,"32":0,"33":0,"34":0,"35":0,"36":0,"37":2,"38":2,"39":2,"40":2,"41":0,"42":2,"43":0,"44":2,"45":0,"46":2,"47":2,"48":1,"49":1,"50":1,"51":1,"52":1,"53":1,"54":1,"55":1,"56":1},"f":{"0":3,"1":0,"2":2,"3":0,"4":0,"5":0,"6":0,"7":0,"8":0,"9":2,"10":1,"11":1},"b":{"0":[3,0],"1":[3,0],"2":[2,0],"3":[1,1],"4":[0,0],"5":[0,0],"6":[0,0],"7":[0,0],"8":[0,0],"9":[0,0],"10":[0,0],"11":[0,0],"12":[0,0],"13":[0,0],"14":[0,0],"15":[0,0],"16":[0,0],"17":[0,0],"18":[0,0],"19":[0,0],"20":[0,0],"21":[0,0],"22":[0],"23":[2],"24":[2],"25":[0,2],"26":[0,2],"27":[0,2],"28":[2,0],"29":[1,0],"30":[1],"31":[1],"32":[1,1],"33":[1,0],"34":[1,0],"35":[1,0],"36":[1,0],"37":[0],"38":[1,0],"39":[1,0]}}
}
