TN:
SF:src/admin/admin.controller.ts
FN:12,(anonymous_4)
FN:20,(anonymous_5)
FN:43,(anonymous_6)
FN:65,(anonymous_7)
FN:84,(anonymous_8)
FN:98,(anonymous_9)
FN:110,(anonymous_10)
FN:128,(anonymous_11)
FN:133,(anonymous_12)
FN:143,(anonymous_13)
FNF:10
FNH:3
FNDA:3,(anonymous_4)
FNDA:0,(anonymous_5)
FNDA:0,(anonymous_6)
FNDA:0,(anonymous_7)
FNDA:0,(anonymous_8)
FNDA:1,(anonymous_9)
FNDA:2,(anonymous_10)
FNDA:0,(anonymous_11)
FNDA:0,(anonymous_12)
FNDA:0,(anonymous_13)
DA:1,1
DA:2,1
DA:3,1
DA:4,1
DA:5,1
DA:6,1
DA:11,1
DA:13,3
DA:14,3
DA:20,1
DA:22,0
DA:32,0
DA:43,1
DA:48,0
DA:49,0
DA:65,1
DA:69,0
DA:78,0
DA:84,1
DA:85,0
DA:86,0
DA:98,1
DA:102,1
DA:110,1
DA:114,2
DA:115,1
DA:116,1
DA:118,1
DA:128,1
DA:129,0
DA:133,1
DA:137,0
DA:143,1
DA:144,0
LF:34
LH:23
BRDA:48,0,0,0
BRDA:48,0,1,0
BRDA:59,1,0,0
BRDA:59,1,1,0
BRDA:60,2,0,0
BRDA:60,2,1,0
BRDA:73,3,0,0
BRDA:73,3,1,0
BRDA:85,4,0,0
BRDA:85,4,1,0
BRDA:114,5,0,1
BRDA:114,5,1,1
BRDA:120,6,0,0
BRDA:120,6,1,1
BRDA:150,7,0,0
BRDA:150,7,1,0
BRF:16
BRH:3
end_of_record
TN:
SF:src/auth/auth.controller.ts
FN:12,(anonymous_4)
FN:16,(anonymous_5)
FN:23,(anonymous_6)
FN:31,(anonymous_7)
FN:39,(anonymous_8)
FN:45,(anonymous_9)
FN:51,(anonymous_10)
FN:58,(anonymous_11)
FNF:8
FNH:0
FNDA:0,(anonymous_4)
FNDA:0,(anonymous_5)
FNDA:0,(anonymous_6)
FNDA:0,(anonymous_7)
FNDA:0,(anonymous_8)
FNDA:0,(anonymous_9)
FNDA:0,(anonymous_10)
FNDA:0,(anonymous_11)
DA:1,0
DA:2,0
DA:3,0
DA:4,0
DA:5,0
DA:6,0
DA:7,0
DA:11,0
DA:12,0
DA:16,0
DA:17,0
DA:23,0
DA:24,0
DA:31,0
DA:32,0
DA:39,0
DA:40,0
DA:45,0
DA:46,0
DA:51,0
DA:52,0
DA:58,0
DA:59,0
LF:23
LH:0
BRF:0
BRH:0
end_of_record
TN:
SF:src/auth/auth.service.ts
FN:15,(anonymous_2)
FN:24,(anonymous_3)
FN:67,(anonymous_4)
FN:89,(anonymous_5)
FN:101,(anonymous_6)
FN:114,(anonymous_7)
FN:118,(anonymous_8)
FN:150,(anonymous_9)
FN:160,(anonymous_10)
FNF:9
FNH:4
FNDA:4,(anonymous_2)
FNDA:2,(anonymous_3)
FNDA:2,(anonymous_4)
FNDA:0,(anonymous_5)
FNDA:0,(anonymous_6)
FNDA:0,(anonymous_7)
FNDA:0,(anonymous_8)
FNDA:0,(anonymous_9)
FNDA:2,(anonymous_10)
DA:1,1
DA:4,1
DA:5,1
DA:6,1
DA:7,1
DA:8,1
DA:12,1
DA:13,4
DA:16,4
DA:17,4
DA:18,4
DA:19,4
DA:25,2
DA:26,2
DA:28,1
DA:30,1
DA:31,0
DA:32,0
DA:35,1
DA:38,1
DA:39,1
DA:50,0
DA:51,0
DA:53,0
DA:54,0
DA:56,0
DA:59,1
DA:60,1
DA:62,1
DA:68,2
DA:76,2
DA:78,1
DA:79,1
DA:81,1
DA:82,1
DA:84,1
DA:90,0
DA:94,0
DA:96,0
DA:102,0
DA:115,0
DA:119,0
DA:120,0
DA:122,0
DA:123,0
DA:137,0
DA:139,0
DA:144,0
DA:145,0
DA:151,0
DA:161,2
DA:163,2
DA:174,2
LF:53
LH:32
BRDA:26,0,0,1
BRDA:26,0,1,1
BRDA:28,1,0,1
BRDA:28,1,1,1
BRDA:30,2,0,0
BRDA:30,2,1,1
BRDA:32,3,0,0
BRDA:32,3,1,0
BRDA:50,4,0,0
BRDA:50,4,1,0
BRDA:53,5,0,0
BRDA:53,5,1,0
BRDA:76,6,0,1
BRDA:76,6,1,1
BRDA:76,7,0,2
BRDA:76,7,1,1
BRDA:79,8,0,0
BRDA:79,8,1,1
BRDA:94,9,0,0
BRDA:94,9,1,0
BRDA:120,10,0,0
BRDA:120,10,1,0
BRDA:137,11,0,0
BRDA:137,11,1,0
BRDA:152,12,0,0
BRDA:152,12,1,0
BRDA:152,12,2,0
BRDA:152,12,3,0
BRDA:152,12,4,0
BRDA:152,12,5,0
BRDA:152,12,6,0
BRDA:166,13,0,2
BRDA:166,13,1,0
BRDA:170,14,0,2
BRDA:170,14,1,0
BRF:35
BRH:12
end_of_record
TN:
SF:src/auth/guards/jwt-auth.guard.ts
FN:8,(anonymous_2)
FN:12,(anonymous_3)
FNF:2
FNH:1
FNDA:3,(anonymous_2)
FNDA:0,(anonymous_3)
DA:1,1
DA:2,1
DA:3,1
DA:4,1
DA:7,1
DA:8,3
DA:9,3
DA:13,0
DA:17,0
DA:18,0
LF:10
LH:7
BRDA:17,0,0,0
BRDA:17,0,1,0
BRF:2
BRH:0
end_of_record
TN:
SF:src/auth/guards/roles.guard.ts
FN:7,(anonymous_2)
FN:9,(anonymous_3)
FNF:2
FNH:1
FNDA:3,(anonymous_2)
FNDA:0,(anonymous_3)
DA:1,1
DA:2,1
DA:3,1
DA:6,1
DA:7,3
DA:10,0
DA:14,0
DA:16,0
DA:17,0
DA:18,0
DA:20,0
LF:11
LH:5
BRDA:14,0,0,0
BRDA:14,0,1,0
BRDA:17,1,0,0
BRDA:17,1,1,0
BRDA:17,2,0,0
BRDA:17,2,1,0
BRF:6
BRH:0
end_of_record
TN:
SF:src/categories/categories.controller.ts
FN:8,(anonymous_4)
FN:11,(anonymous_5)
FN:16,(anonymous_6)
FNF:3
FNH:0
FNDA:0,(anonymous_4)
FNDA:0,(anonymous_5)
FNDA:0,(anonymous_6)
DA:1,0
DA:2,0
DA:3,0
DA:7,0
DA:8,0
DA:11,0
DA:12,0
DA:16,0
DA:17,0
DA:18,0
DA:19,0
LF:11
LH:0
BRDA:18,0,0,0
BRDA:18,0,1,0
BRF:2
BRH:0
end_of_record
TN:
SF:src/categories/categories.service.ts
FN:6,(anonymous_2)
FN:8,(anonymous_3)
FN:28,(anonymous_4)
FNF:3
FNH:0
FNDA:0,(anonymous_2)
FNDA:0,(anonymous_3)
FNDA:0,(anonymous_4)
DA:1,0
DA:2,0
DA:5,0
DA:6,0
DA:9,0
DA:29,0
LF:6
LH:0
BRF:0
BRH:0
end_of_record
TN:
SF:src/common/filters/http-exception.filter.ts
FN:15,(anonymous_1)
FNF:1
FNH:0
FNDA:0,(anonymous_1)
DA:1,0
DA:12,0
DA:13,0
DA:16,0
DA:17,0
DA:18,0
DA:21,0
DA:26,0
DA:30,0
DA:40,0
DA:41,0
DA:44,0
LF:12
LH:0
BRDA:21,0,0,0
BRDA:21,0,1,0
BRDA:26,1,0,0
BRDA:26,1,1,0
BRDA:35,2,0,0
BRDA:35,2,1,0
BRDA:37,3,0,0
BRDA:37,3,1,0
BRDA:40,4,0,0
BRDA:40,4,1,0
BRDA:41,5,0,0
BRDA:41,5,1,0
BRF:12
BRH:0
end_of_record
TN:
SF:src/complaints/complaints.controller.ts
FN:9,(anonymous_4)
FN:12,(anonymous_5)
FNF:2
FNH:0
FNDA:0,(anonymous_4)
FNDA:0,(anonymous_5)
DA:1,0
DA:2,0
DA:3,0
DA:4,0
DA:8,0
DA:9,0
DA:12,0
DA:16,0
LF:8
LH:0
BRF:0
BRH:0
end_of_record
TN:
SF:src/complaints/complaints.service.ts
FN:6,(anonymous_2)
FN:8,(anonymous_3)
FN:30,(anonymous_4)
FN:44,(anonymous_5)
FN:49,(anonymous_6)
FN:51,(anonymous_7)
FN:57,(anonymous_8)
FNF:7
FNH:0
FNDA:0,(anonymous_2)
FNDA:0,(anonymous_3)
FNDA:0,(anonymous_4)
FNDA:0,(anonymous_5)
FNDA:0,(anonymous_6)
FNDA:0,(anonymous_7)
FNDA:0,(anonymous_8)
DA:1,1
DA:2,1
DA:5,1
DA:6,0
DA:12,0
DA:13,0
DA:15,0
DA:31,0
DA:35,0
DA:44,0
DA:45,0
DA:49,0
DA:51,0
DA:58,0
DA:64,0
LF:15
LH:3
BRDA:13,0,0,0
BRDA:13,0,1,0
BRDA:20,1,0,0
BRDA:20,1,1,0
BRDA:31,2,0,0
BRDA:31,2,1,0
BRDA:53,3,0,0
BRDA:53,3,1,0
BRDA:68,4,0,0
BRDA:68,4,1,0
BRDA:68,5,0,0
BRDA:68,5,1,0
BRF:12
BRH:0
end_of_record
TN:
SF:src/favorites/favorites.controller.ts
FN:9,(anonymous_4)
FN:12,(anonymous_5)
FN:18,(anonymous_6)
FN:27,(anonymous_7)
FNF:4
FNH:0
FNDA:0,(anonymous_4)
FNDA:0,(anonymous_5)
FNDA:0,(anonymous_6)
FNDA:0,(anonymous_7)
DA:1,0
DA:2,0
DA:3,0
DA:4,0
DA:8,0
DA:9,0
DA:12,0
DA:13,0
DA:18,0
DA:22,0
DA:27,0
DA:31,0
LF:12
LH:0
BRF:0
BRH:0
end_of_record
TN:
SF:src/favorites/favorites.service.ts
FN:6,(anonymous_2)
FN:8,(anonymous_3)
FN:27,(anonymous_4)
FN:42,(anonymous_5)
FN:45,(anonymous_6)
FNF:5
FNH:0
FNDA:0,(anonymous_2)
FNDA:0,(anonymous_3)
FNDA:0,(anonymous_4)
FNDA:0,(anonymous_5)
FNDA:0,(anonymous_6)
DA:1,0
DA:2,0
DA:5,0
DA:6,0
DA:9,0
DA:10,0
DA:12,0
DA:16,0
DA:17,0
DA:18,0
DA:21,0
DA:24,0
DA:28,0
DA:42,0
DA:46,0
DA:49,0
LF:16
LH:0
BRDA:10,0,0,0
BRDA:10,0,1,0
BRDA:16,1,0,0
BRDA:16,1,1,0
BRF:4
BRH:0
end_of_record
TN:
SF:src/health/health.controller.ts
FN:10,(anonymous_2)
FN:13,(anonymous_3)
FNF:2
FNH:0
FNDA:0,(anonymous_2)
FNDA:0,(anonymous_3)
DA:1,0
DA:2,0
DA:3,0
DA:4,0
DA:9,0
DA:10,0
DA:13,0
DA:14,0
DA:15,0
DA:16,0
DA:18,0
DA:21,0
LF:12
LH:0
BRF:0
BRH:0
end_of_record
TN:
SF:src/merchants/merchants.controller.ts
FN:12,(anonymous_4)
FN:16,(anonymous_5)
FN:22,(anonymous_6)
FN:28,(anonymous_7)
FN:40,(anonymous_8)
FN:46,(anonymous_9)
FN:59,(anonymous_10)
FN:65,(anonymous_11)
FN:74,(anonymous_12)
FN:80,(anonymous_13)
FN:89,(anonymous_14)
FN:98,(anonymous_15)
FN:107,(anonymous_16)
FN:113,(anonymous_17)
FN:119,(anonymous_18)
FN:128,(anonymous_19)
FN:134,(anonymous_20)
FN:148,(anonymous_21)
FN:156,(anonymous_22)
FNF:19
FNH:0
FNDA:0,(anonymous_4)
FNDA:0,(anonymous_5)
FNDA:0,(anonymous_6)
FNDA:0,(anonymous_7)
FNDA:0,(anonymous_8)
FNDA:0,(anonymous_9)
FNDA:0,(anonymous_10)
FNDA:0,(anonymous_11)
FNDA:0,(anonymous_12)
FNDA:0,(anonymous_13)
FNDA:0,(anonymous_14)
FNDA:0,(anonymous_15)
FNDA:0,(anonymous_16)
FNDA:0,(anonymous_17)
FNDA:0,(anonymous_18)
FNDA:0,(anonymous_19)
FNDA:0,(anonymous_20)
FNDA:0,(anonymous_21)
FNDA:0,(anonymous_22)
DA:1,0
DA:4,0
DA:5,0
DA:6,0
DA:7,0
DA:8,0
DA:11,0
DA:12,0
DA:16,0
DA:17,0
DA:22,0
DA:23,0
DA:28,0
DA:33,0
DA:40,0
DA:41,0
DA:46,0
DA:54,0
DA:59,0
DA:60,0
DA:65,0
DA:69,0
DA:74,0
DA:75,0
DA:80,0
DA:84,0
DA:89,0
DA:93,0
DA:98,0
DA:102,0
DA:107,0
DA:108,0
DA:113,0
DA:114,0
DA:119,0
DA:123,0
DA:128,0
DA:129,0
DA:134,0
DA:141,0
DA:148,0
DA:149,0
DA:150,0
DA:151,0
DA:156,0
DA:160,0
LF:46
LH:0
BRDA:23,0,0,0
BRDA:23,0,1,0
BRDA:23,1,0,0
BRDA:23,1,1,0
BRDA:33,2,0,0
BRDA:33,2,1,0
BRDA:33,3,0,0
BRDA:33,3,1,0
BRDA:150,4,0,0
BRDA:150,4,1,0
BRF:10
BRH:0
end_of_record
TN:
SF:src/merchants/merchants.service.ts
FN:43,(anonymous_2)
FN:48,(anonymous_3)
FN:83,(anonymous_4)
FN:97,(anonymous_5)
FN:113,(anonymous_6)
FN:141,(anonymous_7)
FN:143,(anonymous_8)
FN:155,(anonymous_9)
FN:171,(anonymous_10)
FN:228,(anonymous_11)
FN:241,(anonymous_12)
FN:253,(anonymous_13)
FN:263,(anonymous_14)
FN:276,(anonymous_15)
FN:292,(anonymous_16)
FN:313,(anonymous_17)
FN:326,(anonymous_18)
FN:337,(anonymous_19)
FN:351,(anonymous_20)
FN:382,(anonymous_21)
FN:402,(anonymous_22)
FN:420,(anonymous_23)
FN:421,(anonymous_24)
FN:422,(anonymous_25)
FN:435,(anonymous_26)
FN:442,(anonymous_27)
FN:479,(anonymous_28)
FN:480,(anonymous_29)
FNF:28
FNH:0
FNDA:0,(anonymous_2)
FNDA:0,(anonymous_3)
FNDA:0,(anonymous_4)
FNDA:0,(anonymous_5)
FNDA:0,(anonymous_6)
FNDA:0,(anonymous_7)
FNDA:0,(anonymous_8)
FNDA:0,(anonymous_9)
FNDA:0,(anonymous_10)
FNDA:0,(anonymous_11)
FNDA:0,(anonymous_12)
FNDA:0,(anonymous_13)
FNDA:0,(anonymous_14)
FNDA:0,(anonymous_15)
FNDA:0,(anonymous_16)
FNDA:0,(anonymous_17)
FNDA:0,(anonymous_18)
FNDA:0,(anonymous_19)
FNDA:0,(anonymous_20)
FNDA:0,(anonymous_21)
FNDA:0,(anonymous_22)
FNDA:0,(anonymous_23)
FNDA:0,(anonymous_24)
FNDA:0,(anonymous_25)
FNDA:0,(anonymous_26)
FNDA:0,(anonymous_27)
FNDA:0,(anonymous_28)
FNDA:0,(anonymous_29)
DA:1,0
DA:2,0
DA:3,0
DA:6,0
DA:42,0
DA:44,0
DA:45,0
DA:49,0
DA:62,0
DA:73,0
DA:84,0
DA:94,0
DA:98,0
DA:110,0
DA:114,0
DA:139,0
DA:141,0
DA:142,0
DA:143,0
DA:146,0
DA:156,0
DA:160,0
DA:162,0
DA:178,0
DA:179,0
DA:180,0
DA:183,0
DA:184,0
DA:186,0
DA:193,0
DA:220,0
DA:225,0
DA:229,0
DA:237,0
DA:238,0
DA:242,0
DA:243,0
DA:245,0
DA:250,0
DA:257,0
DA:258,0
DA:260,0
DA:263,0
DA:273,0
DA:277,0
DA:281,0
DA:283,0
DA:289,0
DA:296,0
DA:297,0
DA:299,0
DA:301,0
DA:314,0
DA:315,0
DA:317,0
DA:320,0
DA:322,0
DA:323,0
DA:327,0
DA:328,0
DA:330,0
DA:338,0
DA:342,0
DA:344,0
DA:345,0
DA:347,0
DA:348,0
DA:352,0
DA:356,0
DA:358,0
DA:359,0
DA:361,0
DA:362,0
DA:364,0
DA:379,0
DA:383,0
DA:394,0
DA:396,0
DA:403,0
DA:404,0
DA:406,0
DA:420,0
DA:421,0
DA:422,0
DA:424,0
DA:435,0
DA:451,0
DA:452,0
DA:454,0
DA:456,0
DA:476,0
DA:480,0
DA:481,0
DA:482,0
LF:94
LH:0
BRDA:51,0,0,0
BRDA:51,0,1,0
BRDA:54,1,0,0
BRDA:54,1,1,0
BRDA:57,2,0,0
BRDA:57,2,1,0
BRDA:66,3,0,0
BRDA:66,3,1,0
BRDA:67,4,0,0
BRDA:67,4,1,0
BRDA:68,5,0,0
BRDA:68,5,1,0
BRDA:77,6,0,0
BRDA:77,6,1,0
BRDA:78,7,0,0
BRDA:78,7,1,0
BRDA:83,8,0,0
BRDA:83,9,0,0
BRDA:97,10,0,0
BRDA:97,11,0,0
BRDA:103,12,0,0
BRDA:103,12,1,0
BRDA:139,13,0,0
BRDA:139,13,1,0
BRDA:142,14,0,0
BRDA:142,14,1,0
BRDA:160,15,0,0
BRDA:160,15,1,0
BRDA:165,16,0,0
BRDA:165,16,1,0
BRDA:179,17,0,0
BRDA:179,17,1,0
BRDA:184,18,0,0
BRDA:184,18,1,0
BRDA:197,19,0,0
BRDA:197,19,1,0
BRDA:198,20,0,0
BRDA:198,20,1,0
BRDA:199,21,0,0
BRDA:199,21,1,0
BRDA:204,22,0,0
BRDA:204,22,1,0
BRDA:206,23,0,0
BRDA:206,23,1,0
BRDA:209,24,0,0
BRDA:209,24,1,0
BRDA:237,25,0,0
BRDA:237,25,1,0
BRDA:243,26,0,0
BRDA:243,26,1,0
BRDA:258,27,0,0
BRDA:258,27,1,0
BRDA:266,28,0,0
BRDA:266,28,1,0
BRDA:266,29,0,0
BRDA:266,29,1,0
BRDA:267,30,0,0
BRDA:267,30,1,0
BRDA:267,31,0,0
BRDA:267,31,1,0
BRDA:268,32,0,0
BRDA:268,32,1,0
BRDA:281,33,0,0
BRDA:281,33,1,0
BRDA:297,34,0,0
BRDA:297,34,1,0
BRDA:305,35,0,0
BRDA:305,35,1,0
BRDA:306,36,0,0
BRDA:306,36,1,0
BRDA:315,37,0,0
BRDA:315,37,1,0
BRDA:320,38,0,0
BRDA:320,38,1,0
BRDA:328,39,0,0
BRDA:328,39,1,0
BRDA:342,40,0,0
BRDA:342,40,1,0
BRDA:344,41,0,0
BRDA:344,41,1,0
BRDA:345,42,0,0
BRDA:345,42,1,0
BRDA:356,43,0,0
BRDA:356,43,1,0
BRDA:358,44,0,0
BRDA:358,44,1,0
BRDA:359,45,0,0
BRDA:359,45,1,0
BRDA:362,46,0,0
BRDA:362,46,1,0
BRDA:394,47,0,0
BRDA:394,47,1,0
BRDA:398,48,0,0
BRDA:398,48,1,0
BRDA:404,49,0,0
BRDA:404,49,1,0
BRDA:420,50,0,0
BRDA:420,50,1,0
BRDA:421,51,0,0
BRDA:421,51,1,0
BRDA:422,52,0,0
BRDA:422,52,1,0
BRDA:431,53,0,0
BRDA:431,53,1,0
BRDA:452,54,0,0
BRDA:452,54,1,0
BRDA:460,55,0,0
BRDA:460,55,1,0
BRDA:460,56,0,0
BRDA:460,56,1,0
BRDA:463,57,0,0
BRDA:463,57,1,0
BRDA:463,58,0,0
BRDA:463,58,1,0
BRDA:464,59,0,0
BRDA:464,59,1,0
BRDA:464,60,0,0
BRDA:464,60,1,0
BRDA:480,61,0,0
BRDA:480,61,1,0
BRDA:485,62,0,0
BRDA:485,62,1,0
BRDA:486,63,0,0
BRDA:486,63,1,0
BRF:124
BRH:0
end_of_record
TN:
SF:src/otp/otp.service.ts
FN:10,(anonymous_3)
FN:15,(anonymous_4)
FN:19,(anonymous_5)
FN:25,(anonymous_6)
FN:56,(anonymous_7)
FNF:5
FNH:0
FNDA:0,(anonymous_3)
FNDA:0,(anonymous_4)
FNDA:0,(anonymous_5)
FNDA:0,(anonymous_6)
FNDA:0,(anonymous_7)
DA:1,1
DA:2,1
DA:3,1
DA:6,1
DA:7,0
DA:10,0
DA:11,0
DA:12,0
DA:16,0
DA:20,0
DA:21,0
DA:22,0
DA:26,0
DA:27,0
DA:29,0
DA:30,0
DA:31,0
DA:32,0
DA:35,0
DA:36,0
DA:37,0
DA:39,0
DA:42,0
DA:44,0
DA:49,0
DA:50,0
DA:53,0
DA:57,0
DA:58,0
DA:59,0
DA:61,0
DA:63,0
DA:64,0
LF:33
LH:4
BRDA:11,0,0,0
BRDA:11,0,1,0
BRDA:21,1,0,0
BRDA:21,1,1,0
BRDA:30,2,0,0
BRDA:30,2,1,0
BRDA:31,3,0,0
BRDA:31,3,1,0
BRDA:49,4,0,0
BRDA:49,4,1,0
BRDA:61,5,0,0
BRDA:61,5,1,0
BRDA:61,6,0,0
BRDA:61,6,1,0
BRF:14
BRH:0
end_of_record
TN:
SF:src/prisma/prisma.service.ts
FN:11,(anonymous_2)
FN:21,(anonymous_3)
FN:26,(anonymous_4)
FNF:3
FNH:0
FNDA:0,(anonymous_2)
FNDA:0,(anonymous_3)
FNDA:0,(anonymous_4)
DA:1,4
DA:2,4
DA:3,4
DA:4,4
DA:7,4
DA:8,0
DA:12,0
DA:15,0
DA:16,0
DA:18,0
DA:22,0
DA:23,0
DA:27,0
DA:28,0
DA:29,0
LF:15
LH:5
BRF:0
BRH:0
end_of_record
TN:
SF:src/reviews/reviews.controller.ts
FN:12,(anonymous_4)
FN:16,(anonymous_5)
FN:21,(anonymous_6)
FN:27,(anonymous_7)
FNF:4
FNH:0
FNDA:0,(anonymous_4)
FNDA:0,(anonymous_5)
FNDA:0,(anonymous_6)
FNDA:0,(anonymous_7)
DA:1,0
DA:2,0
DA:3,0
DA:4,0
DA:5,0
DA:6,0
DA:7,0
DA:11,0
DA:12,0
DA:16,0
DA:17,0
DA:21,0
DA:22,0
DA:27,0
DA:31,0
LF:15
LH:0
BRF:0
BRH:0
end_of_record
TN:
SF:src/reviews/reviews.service.ts
FN:7,(anonymous_2)
FN:9,(anonymous_3)
FN:41,(anonymous_4)
FN:53,(anonymous_5)
FNF:4
FNH:3
FNDA:5,(anonymous_2)
FNDA:4,(anonymous_3)
FNDA:1,(anonymous_4)
FNDA:0,(anonymous_5)
DA:1,1
DA:2,1
DA:6,1
DA:7,5
DA:10,4
DA:11,1
DA:14,3
DA:15,3
DA:18,2
DA:21,2
DA:23,1
DA:38,1
DA:42,1
DA:54,0
LF:14
LH:13
BRDA:10,0,0,1
BRDA:10,0,1,3
BRDA:10,1,0,4
BRDA:10,1,1,4
BRDA:15,2,0,1
BRDA:15,2,1,2
BRDA:21,3,0,1
BRDA:21,3,1,1
BRDA:28,4,0,1
BRDA:28,4,1,0
BRDA:29,5,0,1
BRDA:29,5,1,0
BRF:12
BRH:10
end_of_record
TN:
SF:src/search/search.controller.ts
FN:8,(anonymous_4)
FN:11,(anonymous_5)
FN:30,(anonymous_6)
FNF:3
FNH:0
FNDA:0,(anonymous_4)
FNDA:0,(anonymous_5)
FNDA:0,(anonymous_6)
DA:1,0
DA:2,0
DA:3,0
DA:7,0
DA:8,0
DA:11,0
DA:19,0
DA:29,0
DA:30,0
DA:33,0
LF:10
LH:0
BRDA:24,0,0,0
BRDA:24,0,1,0
BRDA:25,1,0,0
BRDA:25,1,1,0
BRDA:29,2,0,0
BRDA:29,2,1,0
BRF:6
BRH:0
end_of_record
TN:
SF:src/search/search.service.ts
FN:23,(anonymous_2)
FN:31,(anonymous_3)
FN:38,(anonymous_4)
FN:57,(anonymous_5)
FN:83,(anonymous_6)
FN:97,(anonymous_7)
FN:118,(anonymous_8)
FN:130,(anonymous_9)
FN:159,(anonymous_10)
FN:170,(anonymous_11)
FN:215,(anonymous_12)
FN:255,(anonymous_13)
FNF:12
FNH:5
FNDA:3,(anonymous_2)
FNDA:0,(anonymous_3)
FNDA:2,(anonymous_4)
FNDA:0,(anonymous_5)
FNDA:0,(anonymous_6)
FNDA:0,(anonymous_7)
FNDA:0,(anonymous_8)
FNDA:0,(anonymous_9)
FNDA:0,(anonymous_10)
FNDA:2,(anonymous_11)
FNDA:1,(anonymous_12)
FNDA:1,(anonymous_13)
DA:1,1
DA:2,1
DA:3,1
DA:17,1
DA:18,3
DA:19,3
DA:24,3
DA:25,3
DA:27,3
DA:28,3
DA:32,0
DA:33,0
DA:43,2
DA:51,2
DA:52,1
DA:58,0
DA:59,0
DA:75,0
DA:77,0
DA:84,0
DA:85,0
DA:95,0
DA:97,0
DA:118,0
DA:123,0
DA:124,0
DA:126,0
DA:131,0
DA:132,0
DA:141,0
DA:143,0
DA:159,0
DA:164,0
DA:171,2
DA:173,2
DA:174,2
DA:175,2
DA:176,2
DA:177,2
DA:179,2
DA:190,2
DA:200,1
DA:211,1
DA:216,1
DA:217,1
DA:249,1
DA:256,1
DA:257,1
LF:48
LH:28
BRDA:27,0,0,3
BRDA:27,0,1,0
BRDA:28,1,0,3
BRDA:28,1,1,0
BRDA:49,2,0,2
BRDA:49,2,1,0
BRDA:51,3,0,1
BRDA:51,3,1,1
BRDA:95,4,0,0
BRDA:95,4,1,0
BRDA:101,5,0,0
BRDA:101,5,1,0
BRDA:102,6,0,0
BRDA:102,6,1,0
BRDA:103,7,0,0
BRDA:103,7,1,0
BRDA:104,8,0,0
BRDA:104,8,1,0
BRDA:112,9,0,0
BRDA:112,9,1,0
BRDA:113,10,0,0
BRDA:113,10,1,0
BRDA:114,11,0,0
BRDA:114,11,1,0
BRDA:115,12,0,0
BRDA:115,12,1,0
BRDA:116,13,0,0
BRDA:116,13,1,0
BRDA:117,14,0,0
BRDA:117,14,1,0
BRDA:141,15,0,0
BRDA:141,15,1,0
BRDA:147,16,0,0
BRDA:147,16,1,0
BRDA:148,17,0,0
BRDA:148,17,1,0
BRDA:149,18,0,0
BRDA:149,18,1,0
BRDA:156,19,0,0
BRDA:156,19,1,0
BRDA:157,20,0,0
BRDA:157,20,1,0
BRDA:158,21,0,0
BRDA:158,21,1,0
BRDA:171,22,0,0
BRDA:171,23,0,2
BRDA:171,24,0,2
BRDA:175,25,0,0
BRDA:175,25,1,2
BRDA:176,26,0,0
BRDA:176,26,1,2
BRDA:177,27,0,0
BRDA:177,27,1,2
BRDA:184,28,0,2
BRDA:184,28,1,0
BRDA:203,29,0,1
BRDA:203,29,1,0
BRDA:216,30,0,1
BRDA:216,31,0,1
BRDA:220,32,0,1
BRDA:220,32,1,1
BRDA:226,33,0,1
BRDA:226,33,1,0
BRDA:227,34,0,1
BRDA:227,34,1,0
BRDA:228,35,0,1
BRDA:228,35,1,0
BRDA:251,36,0,1
BRDA:251,36,1,0
BRDA:255,37,0,0
BRDA:258,38,0,1
BRDA:258,38,1,0
BRDA:258,39,0,1
BRDA:258,39,1,0
BRF:74
BRH:22
end_of_record
